<?xml version="1.0" encoding="UTF-8"?>
<coverage generated="1759284082920" clover="3.2.0">
  <project timestamp="1759284082920" name="All files">
    <metrics statements="119" coveredstatements="112" conditionals="63" coveredconditionals="56" methods="51" coveredmethods="47" elements="233" coveredelements="215" complexity="0" loc="119" ncloc="119" packages="2" files="8" classes="8"/>
    <package name="components">
      <metrics statements="6" coveredstatements="6" conditionals="3" coveredconditionals="1" methods="3" coveredmethods="3"/>
      <file name="AuthLayout.jsx" path="D:\UADE\Integracion de aplicaciones\LDAP-DAII-G3-Front\src\components\AuthLayout.jsx">
        <metrics statements="2" coveredstatements="2" conditionals="0" coveredconditionals="0" methods="1" coveredmethods="1"/>
        <line num="4" count="3" type="stmt"/>
        <line num="5" count="26" type="stmt"/>
      </file>
      <file name="Button.jsx" path="D:\UADE\Integracion de aplicaciones\LDAP-DAII-G3-Front\src\components\Button.jsx">
        <metrics statements="2" coveredstatements="2" conditionals="0" coveredconditionals="0" methods="1" coveredmethods="1"/>
        <line num="4" count="3" type="stmt"/>
        <line num="5" count="26" type="stmt"/>
      </file>
      <file name="FormInput.jsx" path="D:\UADE\Integracion de aplicaciones\LDAP-DAII-G3-Front\src\components\FormInput.jsx">
        <metrics statements="2" coveredstatements="2" conditionals="3" coveredconditionals="1" methods="1" coveredmethods="1"/>
        <line num="5" count="3" type="cond" truecount="0" falsecount="1"/>
        <line num="6" count="59" type="stmt"/>
      </file>
    </package>
    <package name="pages">
      <metrics statements="113" coveredstatements="106" conditionals="60" coveredconditionals="55" methods="48" coveredmethods="44"/>
      <file name="Admin.jsx" path="D:\UADE\Integracion de aplicaciones\LDAP-DAII-G3-Front\src\pages\Admin.jsx">
        <metrics statements="45" coveredstatements="41" conditionals="36" coveredconditionals="32" methods="24" coveredmethods="20"/>
        <line num="8" count="1" type="stmt"/>
        <line num="9" count="22" type="stmt"/>
        <line num="10" count="22" type="stmt"/>
        <line num="11" count="22" type="stmt"/>
        <line num="12" count="22" type="stmt"/>
        <line num="14" count="22" type="stmt"/>
        <line num="15" count="22" type="stmt"/>
        <line num="17" count="22" type="stmt"/>
        <line num="18" count="6" type="stmt"/>
        <line num="21" count="22" type="stmt"/>
        <line num="22" count="1" type="stmt"/>
        <line num="24" count="1" type="cond" truecount="3" falsecount="1"/>
        <line num="25" count="1" type="cond" truecount="3" falsecount="1"/>
        <line num="27" count="1" type="stmt"/>
        <line num="28" count="1" type="stmt"/>
        <line num="29" count="1" type="stmt"/>
        <line num="32" count="22" type="stmt"/>
        <line num="33" count="1" type="stmt"/>
        <line num="34" count="1" type="cond" truecount="1" falsecount="1"/>
        <line num="35" count="1" type="stmt"/>
        <line num="38" count="22" type="stmt"/>
        <line num="39" count="1" type="stmt"/>
        <line num="40" count="1" type="stmt"/>
        <line num="43" count="22" type="stmt"/>
        <line num="44" count="1" type="stmt"/>
        <line num="45" count="1" type="stmt"/>
        <line num="49" count="22" type="cond" truecount="1" falsecount="1"/>
        <line num="50" count="16" type="stmt"/>
        <line num="54" count="22" type="cond" truecount="4" falsecount="0"/>
        <line num="55" count="1" type="stmt"/>
        <line num="58" count="22" type="stmt"/>
        <line num="71" count="1" type="stmt"/>
        <line num="74" count="16" type="stmt"/>
        <line num="88" count="1" type="stmt"/>
        <line num="94" count="1" type="stmt"/>
        <line num="103" count="1" type="stmt"/>
        <line num="109" count="0" type="stmt"/>
        <line num="141" count="16" type="stmt"/>
        <line num="148" count="1" type="stmt"/>
        <line num="161" count="0" type="stmt"/>
        <line num="177" count="0" type="stmt"/>
        <line num="191" count="0" type="stmt"/>
        <line num="206" count="1" type="stmt"/>
        <line num="213" count="1" type="stmt"/>
        <line num="220" count="1" type="stmt"/>
      </file>
      <file name="Dashboard.jsx" path="D:\UADE\Integracion de aplicaciones\LDAP-DAII-G3-Front\src\pages\Dashboard.jsx">
        <metrics statements="35" coveredstatements="34" conditionals="12" coveredconditionals="11" methods="18" coveredmethods="18"/>
        <line num="8" count="1" type="stmt"/>
        <line num="10" count="1" type="stmt"/>
        <line num="11" count="8" type="stmt"/>
        <line num="12" count="8" type="stmt"/>
        <line num="13" count="8" type="stmt"/>
        <line num="15" count="8" type="stmt"/>
        <line num="16" count="8" type="stmt"/>
        <line num="18" count="8" type="stmt"/>
        <line num="19" count="3" type="cond" truecount="1" falsecount="1"/>
        <line num="20" count="0" type="stmt"/>
        <line num="22" count="3" type="stmt"/>
        <line num="26" count="8" type="stmt"/>
        <line num="27" count="15" type="cond" truecount="2" falsecount="0"/>
        <line num="28" count="15" type="cond" truecount="2" falsecount="0"/>
        <line num="29" count="15" type="cond" truecount="2" falsecount="0"/>
        <line num="33" count="8" type="stmt"/>
        <line num="34" count="12" type="cond" truecount="2" falsecount="0"/>
        <line num="35" count="12" type="stmt"/>
        <line num="37" count="8" type="stmt"/>
        <line num="40" count="8" type="stmt"/>
        <line num="41" count="12" type="cond" truecount="2" falsecount="0"/>
        <line num="42" count="12" type="stmt"/>
        <line num="44" count="8" type="stmt"/>
        <line num="47" count="15" type="stmt"/>
        <line num="48" count="15" type="stmt"/>
        <line num="50" count="8" type="stmt"/>
        <line num="56" count="1" type="stmt"/>
        <line num="59" count="10" type="stmt"/>
        <line num="63" count="1" type="stmt"/>
        <line num="66" count="10" type="stmt"/>
        <line num="91" count="12" type="stmt"/>
        <line num="94" count="8" type="stmt"/>
        <line num="112" count="12" type="stmt"/>
        <line num="115" count="8" type="stmt"/>
        <line num="138" count="12" type="stmt"/>
      </file>
      <file name="ForgotPassword.jsx" path="D:\UADE\Integracion de aplicaciones\LDAP-DAII-G3-Front\src\pages\ForgotPassword.jsx">
        <metrics statements="8" coveredstatements="8" conditionals="2" coveredconditionals="2" methods="2" coveredmethods="2"/>
        <line num="12" count="1" type="stmt"/>
        <line num="19" count="1" type="stmt"/>
        <line num="20" count="3" type="stmt"/>
        <line num="25" count="3" type="stmt"/>
        <line num="29" count="3" type="stmt"/>
        <line num="30" count="1" type="stmt"/>
        <line num="31" count="1" type="stmt"/>
        <line num="36" count="3" type="stmt"/>
      </file>
      <file name="Login.jsx" path="D:\UADE\Integracion de aplicaciones\LDAP-DAII-G3-Front\src\pages\Login.jsx">
        <metrics statements="13" coveredstatements="13" conditionals="8" coveredconditionals="8" methods="2" coveredmethods="2"/>
        <line num="12" count="1" type="stmt"/>
        <line num="20" count="1" type="stmt"/>
        <line num="21" count="18" type="stmt"/>
        <line num="22" count="18" type="stmt"/>
        <line num="28" count="18" type="stmt"/>
        <line num="32" count="18" type="stmt"/>
        <line num="33" count="4" type="stmt"/>
        <line num="34" count="4" type="stmt"/>
        <line num="37" count="3" type="cond" truecount="4" falsecount="0"/>
        <line num="38" count="2" type="stmt"/>
        <line num="40" count="1" type="stmt"/>
        <line num="43" count="1" type="stmt"/>
        <line num="47" count="18" type="stmt"/>
      </file>
      <file name="Register.jsx" path="D:\UADE\Integracion de aplicaciones\LDAP-DAII-G3-Front\src\pages\Register.jsx">
        <metrics statements="12" coveredstatements="10" conditionals="2" coveredconditionals="2" methods="2" coveredmethods="2"/>
        <line num="12" count="1" type="stmt"/>
        <line num="30" count="1" type="stmt"/>
        <line num="31" count="5" type="stmt"/>
        <line num="32" count="5" type="stmt"/>
        <line num="37" count="5" type="stmt"/>
        <line num="41" count="5" type="stmt"/>
        <line num="42" count="1" type="stmt"/>
        <line num="43" count="1" type="stmt"/>
        <line num="44" count="0" type="stmt"/>
        <line num="45" count="0" type="stmt"/>
        <line num="47" count="1" type="stmt"/>
        <line num="51" count="5" type="stmt"/>
      </file>
    </package>
  </project>
</coverage>
