{"D:\\UADE\\Integracion de aplicaciones\\LDAP-DAII-G3-Front\\src\\components\\AuthLayout.jsx": {"path":"D:\\UADE\\Integracion de aplicaciones\\LDAP-DAII-G3-Front\\src\\components\\AuthLayout.jsx","statementMap":{"0":{"start":{"line":4,"column":19},"end":{"line":11,"column":1}},"1":{"start":{"line":5,"column":2},"end":{"line":10,"column":8}}},"fnMap":{"0":{"name":"(anonymous_0)","decl":{"start":{"line":4,"column":19},"end":{"line":4,"column":20}},"loc":{"start":{"line":5,"column":2},"end":{"line":10,"column":8}},"line":5}},"branchMap":{},"s":{"0":3,"1":26},"f":{"0":26},"b":{},"_coverageSchema":"1a1c01bbd47fc00a2c39e90264f33305004495a9","hash":"12ca29db04032b19035be75f3f27c72364548d94"}
,"D:\\UADE\\Integracion de aplicaciones\\LDAP-DAII-G3-Front\\src\\components\\Button.jsx": {"path":"D:\\UADE\\Integracion de aplicaciones\\LDAP-DAII-G3-Front\\src\\components\\Button.jsx","statementMap":{"0":{"start":{"line":4,"column":15},"end":{"line":8,"column":1}},"1":{"start":{"line":5,"column":2},"end":{"line":7,"column":11}}},"fnMap":{"0":{"name":"(anonymous_0)","decl":{"start":{"line":4,"column":15},"end":{"line":4,"column":16}},"loc":{"start":{"line":5,"column":2},"end":{"line":7,"column":11}},"line":5}},"branchMap":{},"s":{"0":3,"1":26},"f":{"0":26},"b":{},"_coverageSchema":"1a1c01bbd47fc00a2c39e90264f33305004495a9","hash":"c41473bf00e9bffaa4572f07a5c78bc9337493b1"}
,"D:\\UADE\\Integracion de aplicaciones\\LDAP-DAII-G3-Front\\src\\components\\FormInput.jsx": {"path":"D:\\UADE\\Integracion de aplicaciones\\LDAP-DAII-G3-Front\\src\\components\\FormInput.jsx","statementMap":{"0":{"start":{"line":5,"column":18},"end":{"line":21,"column":1}},"1":{"start":{"line":6,"column":2},"end":{"line":20,"column":4}}},"fnMap":{"0":{"name":"(anonymous_0)","decl":{"start":{"line":5,"column":18},"end":{"line":5,"column":19}},"loc":{"start":{"line":5,"column":69},"end":{"line":21,"column":1}},"line":5}},"branchMap":{"0":{"loc":{"start":{"line":5,"column":32},"end":{"line":5,"column":45}},"type":"default-arg","locations":[{"start":{"line":5,"column":39},"end":{"line":5,"column":45}}],"line":5},"1":{"loc":{"start":{"line":18,"column":7},"end":{"line":18,"column":61}},"type":"binary-expr","locations":[{"start":{"line":18,"column":7},"end":{"line":18,"column":12}},{"start":{"line":18,"column":16},"end":{"line":18,"column":61}}],"line":18}},"s":{"0":3,"1":59},"f":{"0":59},"b":{"0":[0],"1":[59,0]},"_coverageSchema":"1a1c01bbd47fc00a2c39e90264f33305004495a9","hash":"dcf5165277d09172c6298d4ff391f7be552b4bcb"}
,"D:\\UADE\\Integracion de aplicaciones\\LDAP-DAII-G3-Front\\src\\pages\\Admin.jsx": {"path":"D:\\UADE\\Integracion de aplicaciones\\LDAP-DAII-G3-Front\\src\\pages\\Admin.jsx","statementMap":{"0":{"start":{"line":8,"column":14},"end":{"line":231,"column":1}},"1":{"start":{"line":9,"column":28},"end":{"line":9,"column":40}},"2":{"start":{"line":10,"column":32},"end":{"line":10,"column":97}},"3":{"start":{"line":11,"column":40},"end":{"line":11,"column":54}},"4":{"start":{"line":12,"column":36},"end":{"line":12,"column":48}},"5":{"start":{"line":14,"column":19},"end":{"line":14,"column":32}},"6":{"start":{"line":15,"column":22},"end":{"line":15,"column":43}},"7":{"start":{"line":17,"column":2},"end":{"line":19,"column":9}},"8":{"start":{"line":18,"column":4},"end":{"line":18,"column":42}},"9":{"start":{"line":21,"column":23},"end":{"line":30,"column":3}},"10":{"start":{"line":22,"column":4},"end":{"line":22,"column":23}},"11":{"start":{"line":24,"column":4},"end":{"line":24,"column":48}},"12":{"start":{"line":24,"column":41},"end":{"line":24,"column":48}},"13":{"start":{"line":25,"column":4},"end":{"line":25,"column":71}},"14":{"start":{"line":25,"column":64},"end":{"line":25,"column":71}},"15":{"start":{"line":27,"column":20},"end":{"line":27,"column":57}},"16":{"start":{"line":28,"column":4},"end":{"line":28,"column":34}},"17":{"start":{"line":29,"column":4},"end":{"line":29,"column":72}},"18":{"start":{"line":32,"column":23},"end":{"line":36,"column":3}},"19":{"start":{"line":33,"column":20},"end":{"line":33,"column":65}},"20":{"start":{"line":34,"column":4},"end":{"line":34,"column":60}},"21":{"start":{"line":34,"column":31},"end":{"line":34,"column":56}},"22":{"start":{"line":35,"column":4},"end":{"line":35,"column":25}},"23":{"start":{"line":38,"column":23},"end":{"line":41,"column":3}},"24":{"start":{"line":39,"column":4},"end":{"line":39,"column":37}},"25":{"start":{"line":40,"column":4},"end":{"line":40,"column":47}},"26":{"start":{"line":40,"column":33},"end":{"line":40,"column":44}},"27":{"start":{"line":43,"column":23},"end":{"line":46,"column":3}},"28":{"start":{"line":44,"column":4},"end":{"line":44,"column":25}},"29":{"start":{"line":45,"column":4},"end":{"line":45,"column":18}},"30":{"start":{"line":49,"column":24},"end":{"line":51,"column":8}},"31":{"start":{"line":50,"column":35},"end":{"line":50,"column":49}},"32":{"start":{"line":54,"column":4},"end":{"line":56,"column":13}},"33":{"start":{"line":55,"column":28},"end":{"line":55,"column":56}},"34":{"start":{"line":58,"column":2},"end":{"line":230,"column":4}},"35":{"start":{"line":71,"column":53},"end":{"line":71,"column":81}},"36":{"start":{"line":74,"column":14},"end":{"line":76,"column":23}},"37":{"start":{"line":88,"column":27},"end":{"line":88,"column":75}},"38":{"start":{"line":94,"column":27},"end":{"line":94,"column":76}},"39":{"start":{"line":103,"column":29},"end":{"line":103,"column":85}},"40":{"start":{"line":109,"column":27},"end":{"line":109,"column":75}},"41":{"start":{"line":141,"column":12},"end":{"line":225,"column":17}},"42":{"start":{"line":148,"column":22},"end":{"line":148,"column":78}},"43":{"start":{"line":161,"column":22},"end":{"line":161,"column":79}},"44":{"start":{"line":177,"column":24},"end":{"line":177,"column":88}},"45":{"start":{"line":191,"column":22},"end":{"line":191,"column":78}},"46":{"start":{"line":206,"column":35},"end":{"line":206,"column":66}},"47":{"start":{"line":213,"column":35},"end":{"line":213,"column":52}},"48":{"start":{"line":220,"column":33},"end":{"line":220,"column":51}}},"fnMap":{"0":{"name":"(anonymous_0)","decl":{"start":{"line":8,"column":14},"end":{"line":8,"column":15}},"loc":{"start":{"line":8,"column":20},"end":{"line":231,"column":1}},"line":8},"1":{"name":"(anonymous_1)","decl":{"start":{"line":17,"column":12},"end":{"line":17,"column":13}},"loc":{"start":{"line":17,"column":18},"end":{"line":19,"column":3}},"line":17},"2":{"name":"(anonymous_2)","decl":{"start":{"line":21,"column":23},"end":{"line":21,"column":24}},"loc":{"start":{"line":21,"column":36},"end":{"line":30,"column":3}},"line":21},"3":{"name":"(anonymous_3)","decl":{"start":{"line":32,"column":23},"end":{"line":32,"column":24}},"loc":{"start":{"line":32,"column":50},"end":{"line":36,"column":3}},"line":32},"4":{"name":"(anonymous_4)","decl":{"start":{"line":34,"column":23},"end":{"line":34,"column":24}},"loc":{"start":{"line":34,"column":31},"end":{"line":34,"column":56}},"line":34},"5":{"name":"(anonymous_5)","decl":{"start":{"line":38,"column":23},"end":{"line":38,"column":24}},"loc":{"start":{"line":38,"column":37},"end":{"line":41,"column":3}},"line":38},"6":{"name":"(anonymous_6)","decl":{"start":{"line":40,"column":26},"end":{"line":40,"column":27}},"loc":{"start":{"line":40,"column":33},"end":{"line":40,"column":44}},"line":40},"7":{"name":"(anonymous_7)","decl":{"start":{"line":43,"column":23},"end":{"line":43,"column":24}},"loc":{"start":{"line":43,"column":29},"end":{"line":46,"column":3}},"line":43},"8":{"name":"(anonymous_8)","decl":{"start":{"line":50,"column":28},"end":{"line":50,"column":29}},"loc":{"start":{"line":50,"column":35},"end":{"line":50,"column":49}},"line":50},"9":{"name":"(anonymous_9)","decl":{"start":{"line":55,"column":21},"end":{"line":55,"column":22}},"loc":{"start":{"line":55,"column":28},"end":{"line":55,"column":56}},"line":55},"10":{"name":"(anonymous_10)","decl":{"start":{"line":71,"column":46},"end":{"line":71,"column":47}},"loc":{"start":{"line":71,"column":53},"end":{"line":71,"column":81}},"line":71},"11":{"name":"(anonymous_11)","decl":{"start":{"line":73,"column":31},"end":{"line":73,"column":32}},"loc":{"start":{"line":74,"column":14},"end":{"line":76,"column":23}},"line":74},"12":{"name":"(anonymous_12)","decl":{"start":{"line":88,"column":20},"end":{"line":88,"column":21}},"loc":{"start":{"line":88,"column":27},"end":{"line":88,"column":75}},"line":88},"13":{"name":"(anonymous_13)","decl":{"start":{"line":94,"column":20},"end":{"line":94,"column":21}},"loc":{"start":{"line":94,"column":27},"end":{"line":94,"column":76}},"line":94},"14":{"name":"(anonymous_14)","decl":{"start":{"line":103,"column":22},"end":{"line":103,"column":23}},"loc":{"start":{"line":103,"column":29},"end":{"line":103,"column":85}},"line":103},"15":{"name":"(anonymous_15)","decl":{"start":{"line":109,"column":20},"end":{"line":109,"column":21}},"loc":{"start":{"line":109,"column":27},"end":{"line":109,"column":75}},"line":109},"16":{"name":"(anonymous_16)","decl":{"start":{"line":140,"column":29},"end":{"line":140,"column":30}},"loc":{"start":{"line":141,"column":12},"end":{"line":225,"column":17}},"line":141},"17":{"name":"(anonymous_17)","decl":{"start":{"line":147,"column":30},"end":{"line":147,"column":31}},"loc":{"start":{"line":148,"column":22},"end":{"line":148,"column":78}},"line":148},"18":{"name":"(anonymous_18)","decl":{"start":{"line":160,"column":30},"end":{"line":160,"column":31}},"loc":{"start":{"line":161,"column":22},"end":{"line":161,"column":79}},"line":161},"19":{"name":"(anonymous_19)","decl":{"start":{"line":176,"column":32},"end":{"line":176,"column":33}},"loc":{"start":{"line":177,"column":24},"end":{"line":177,"column":88}},"line":177},"20":{"name":"(anonymous_20)","decl":{"start":{"line":190,"column":30},"end":{"line":190,"column":31}},"loc":{"start":{"line":191,"column":22},"end":{"line":191,"column":78}},"line":191},"21":{"name":"(anonymous_21)","decl":{"start":{"line":206,"column":29},"end":{"line":206,"column":30}},"loc":{"start":{"line":206,"column":35},"end":{"line":206,"column":66}},"line":206},"22":{"name":"(anonymous_22)","decl":{"start":{"line":213,"column":29},"end":{"line":213,"column":30}},"loc":{"start":{"line":213,"column":35},"end":{"line":213,"column":52}},"line":213},"23":{"name":"(anonymous_23)","decl":{"start":{"line":220,"column":27},"end":{"line":220,"column":28}},"loc":{"start":{"line":220,"column":33},"end":{"line":220,"column":51}},"line":220}},"branchMap":{"0":{"loc":{"start":{"line":24,"column":4},"end":{"line":24,"column":48}},"type":"if","locations":[{"start":{"line":24,"column":4},"end":{"line":24,"column":48}},{"start":{},"end":{}}],"line":24},"1":{"loc":{"start":{"line":24,"column":8},"end":{"line":24,"column":39}},"type":"binary-expr","locations":[{"start":{"line":24,"column":8},"end":{"line":24,"column":21}},{"start":{"line":24,"column":25},"end":{"line":24,"column":39}}],"line":24},"2":{"loc":{"start":{"line":25,"column":4},"end":{"line":25,"column":71}},"type":"if","locations":[{"start":{"line":25,"column":4},"end":{"line":25,"column":71}},{"start":{},"end":{}}],"line":25},"3":{"loc":{"start":{"line":25,"column":8},"end":{"line":25,"column":62}},"type":"binary-expr","locations":[{"start":{"line":25,"column":8},"end":{"line":25,"column":37}},{"start":{"line":25,"column":41},"end":{"line":25,"column":62}}],"line":25},"4":{"loc":{"start":{"line":34,"column":31},"end":{"line":34,"column":56}},"type":"cond-expr","locations":[{"start":{"line":34,"column":45},"end":{"line":34,"column":52}},{"start":{"line":34,"column":55},"end":{"line":34,"column":56}}],"line":34},"5":{"loc":{"start":{"line":49,"column":24},"end":{"line":51,"column":8}},"type":"cond-expr","locations":[{"start":{"line":50,"column":6},"end":{"line":50,"column":52}},{"start":{"line":51,"column":6},"end":{"line":51,"column":8}}],"line":49},"6":{"loc":{"start":{"line":54,"column":4},"end":{"line":56,"column":13}},"type":"cond-expr","locations":[{"start":{"line":55,"column":8},"end":{"line":55,"column":57}},{"start":{"line":56,"column":8},"end":{"line":56,"column":13}}],"line":54},"7":{"loc":{"start":{"line":54,"column":4},"end":{"line":54,"column":46}},"type":"binary-expr","locations":[{"start":{"line":54,"column":4},"end":{"line":54,"column":33}},{"start":{"line":54,"column":37},"end":{"line":54,"column":46}}],"line":54},"8":{"loc":{"start":{"line":69,"column":7},"end":{"line":80,"column":7}},"type":"binary-expr","locations":[{"start":{"line":69,"column":7},"end":{"line":69,"column":36}},{"start":{"line":70,"column":8},"end":{"line":79,"column":14}}],"line":69},"9":{"loc":{"start":{"line":98,"column":9},"end":{"line":105,"column":9}},"type":"binary-expr","locations":[{"start":{"line":98,"column":9},"end":{"line":98,"column":38}},{"start":{"line":99,"column":10},"end":{"line":104,"column":12}}],"line":98},"10":{"loc":{"start":{"line":120,"column":7},"end":{"line":126,"column":7}},"type":"binary-expr","locations":[{"start":{"line":120,"column":7},"end":{"line":120,"column":36}},{"start":{"line":121,"column":8},"end":{"line":125,"column":14}}],"line":120},"11":{"loc":{"start":{"line":134,"column":13},"end":{"line":134,"column":67}},"type":"binary-expr","locations":[{"start":{"line":134,"column":13},"end":{"line":134,"column":42}},{"start":{"line":134,"column":46},"end":{"line":134,"column":67}}],"line":134},"12":{"loc":{"start":{"line":143,"column":17},"end":{"line":153,"column":17}},"type":"cond-expr","locations":[{"start":{"line":144,"column":18},"end":{"line":150,"column":20}},{"start":{"line":152,"column":18},"end":{"line":152,"column":24}}],"line":143},"13":{"loc":{"start":{"line":156,"column":17},"end":{"line":166,"column":17}},"type":"cond-expr","locations":[{"start":{"line":157,"column":18},"end":{"line":163,"column":20}},{"start":{"line":165,"column":18},"end":{"line":165,"column":25}}],"line":156},"14":{"loc":{"start":{"line":170,"column":15},"end":{"line":184,"column":15}},"type":"binary-expr","locations":[{"start":{"line":170,"column":15},"end":{"line":170,"column":44}},{"start":{"line":171,"column":16},"end":{"line":183,"column":21}}],"line":170},"15":{"loc":{"start":{"line":172,"column":19},"end":{"line":182,"column":19}},"type":"cond-expr","locations":[{"start":{"line":173,"column":20},"end":{"line":179,"column":22}},{"start":{"line":181,"column":20},"end":{"line":181,"column":34}}],"line":172},"16":{"loc":{"start":{"line":187,"column":17},"end":{"line":200,"column":17}},"type":"cond-expr","locations":[{"start":{"line":188,"column":18},"end":{"line":197,"column":27}},{"start":{"line":199,"column":18},"end":{"line":199,"column":24}}],"line":187},"17":{"loc":{"start":{"line":203,"column":17},"end":{"line":217,"column":17}},"type":"cond-expr","locations":[{"start":{"line":204,"column":18},"end":{"line":209,"column":27}},{"start":{"line":211,"column":18},"end":{"line":216,"column":27}}],"line":203}},"s":{"0":1,"1":22,"2":22,"3":22,"4":22,"5":22,"6":22,"7":22,"8":6,"9":22,"10":1,"11":1,"12":0,"13":1,"14":0,"15":1,"16":1,"17":1,"18":22,"19":1,"20":1,"21":1,"22":1,"23":22,"24":1,"25":1,"26":1,"27":22,"28":1,"29":1,"30":22,"31":16,"32":22,"33":1,"34":22,"35":1,"36":16,"37":1,"38":1,"39":1,"40":0,"41":16,"42":1,"43":0,"44":0,"45":0,"46":1,"47":1,"48":1},"f":{"0":22,"1":6,"2":1,"3":1,"4":1,"5":1,"6":1,"7":1,"8":16,"9":1,"10":1,"11":16,"12":1,"13":1,"14":1,"15":0,"16":16,"17":1,"18":0,"19":0,"20":0,"21":1,"22":1,"23":1},"b":{"0":[0,1],"1":[1,1],"2":[0,1],"3":[1,1],"4":[1,0],"5":[22,0],"6":[1,21],"7":[22,22],"8":[22,22],"9":[22,22],"10":[22,22],"11":[22,22],"12":[2,14],"13":[2,14],"14":[16,16],"15":[2,14],"16":[2,14],"17":[2,14]},"_coverageSchema":"1a1c01bbd47fc00a2c39e90264f33305004495a9","hash":"b51e4222dc788b2d6f9d9831064219d171be85ee"}
,"D:\\UADE\\Integracion de aplicaciones\\LDAP-DAII-G3-Front\\src\\pages\\Dashboard.jsx": {"path":"D:\\UADE\\Integracion de aplicaciones\\LDAP-DAII-G3-Front\\src\\pages\\Dashboard.jsx","statementMap":{"0":{"start":{"line":8,"column":15},"end":{"line":8,"column":70}},"1":{"start":{"line":10,"column":18},"end":{"line":150,"column":1}},"2":{"start":{"line":11,"column":28},"end":{"line":11,"column":40}},"3":{"start":{"line":12,"column":36},"end":{"line":12,"column":48}},"4":{"start":{"line":13,"column":38},"end":{"line":13,"column":50}},"5":{"start":{"line":15,"column":19},"end":{"line":15,"column":32}},"6":{"start":{"line":16,"column":22},"end":{"line":16,"column":43}},"7":{"start":{"line":18,"column":2},"end":{"line":23,"column":30}},"8":{"start":{"line":19,"column":4},"end":{"line":21,"column":5}},"9":{"start":{"line":20,"column":6},"end":{"line":20,"column":24}},"10":{"start":{"line":22,"column":4},"end":{"line":22,"column":42}},"11":{"start":{"line":26,"column":24},"end":{"line":30,"column":4}},"12":{"start":{"line":27,"column":21},"end":{"line":27,"column":68}},"13":{"start":{"line":28,"column":22},"end":{"line":28,"column":63}},"14":{"start":{"line":29,"column":4},"end":{"line":29,"column":33}},"15":{"start":{"line":33,"column":19},"end":{"line":36,"column":8}},"16":{"start":{"line":34,"column":4},"end":{"line":34,"column":57}},"17":{"start":{"line":35,"column":4},"end":{"line":35,"column":15}},"18":{"start":{"line":37,"column":18},"end":{"line":37,"column":84}},"19":{"start":{"line":37,"column":67},"end":{"line":37,"column":82}},"20":{"start":{"line":40,"column":20},"end":{"line":43,"column":8}},"21":{"start":{"line":41,"column":4},"end":{"line":41,"column":41}},"22":{"start":{"line":42,"column":4},"end":{"line":42,"column":15}},"23":{"start":{"line":44,"column":19},"end":{"line":44,"column":86}},"24":{"start":{"line":44,"column":69},"end":{"line":44,"column":84}},"25":{"start":{"line":47,"column":24},"end":{"line":47,"column":70}},"26":{"start":{"line":47,"column":53},"end":{"line":47,"column":67}},"27":{"start":{"line":48,"column":16},"end":{"line":48,"column":54}},"28":{"start":{"line":48,"column":45},"end":{"line":48,"column":51}},"29":{"start":{"line":50,"column":2},"end":{"line":149,"column":4}},"30":{"start":{"line":56,"column":51},"end":{"line":56,"column":79}},"31":{"start":{"line":59,"column":12},"end":{"line":59,"column":56}},"32":{"start":{"line":63,"column":52},"end":{"line":63,"column":81}},"33":{"start":{"line":66,"column":12},"end":{"line":66,"column":59}},"34":{"start":{"line":91,"column":44},"end":{"line":91,"column":84}},"35":{"start":{"line":94,"column":16},"end":{"line":94,"column":73}},"36":{"start":{"line":112,"column":44},"end":{"line":112,"column":84}},"37":{"start":{"line":115,"column":16},"end":{"line":115,"column":73}},"38":{"start":{"line":138,"column":14},"end":{"line":143,"column":19}}},"fnMap":{"0":{"name":"(anonymous_0)","decl":{"start":{"line":10,"column":18},"end":{"line":10,"column":19}},"loc":{"start":{"line":10,"column":24},"end":{"line":150,"column":1}},"line":10},"1":{"name":"(anonymous_1)","decl":{"start":{"line":18,"column":12},"end":{"line":18,"column":13}},"loc":{"start":{"line":18,"column":18},"end":{"line":23,"column":3}},"line":18},"2":{"name":"(anonymous_2)","decl":{"start":{"line":26,"column":37},"end":{"line":26,"column":38}},"loc":{"start":{"line":26,"column":44},"end":{"line":30,"column":3}},"line":26},"3":{"name":"(anonymous_3)","decl":{"start":{"line":33,"column":40},"end":{"line":33,"column":41}},"loc":{"start":{"line":33,"column":52},"end":{"line":36,"column":3}},"line":33},"4":{"name":"(anonymous_4)","decl":{"start":{"line":37,"column":47},"end":{"line":37,"column":48}},"loc":{"start":{"line":37,"column":67},"end":{"line":37,"column":82}},"line":37},"5":{"name":"(anonymous_5)","decl":{"start":{"line":40,"column":41},"end":{"line":40,"column":42}},"loc":{"start":{"line":40,"column":53},"end":{"line":43,"column":3}},"line":40},"6":{"name":"(anonymous_6)","decl":{"start":{"line":44,"column":49},"end":{"line":44,"column":50}},"loc":{"start":{"line":44,"column":69},"end":{"line":44,"column":84}},"line":44},"7":{"name":"(anonymous_7)","decl":{"start":{"line":47,"column":46},"end":{"line":47,"column":47}},"loc":{"start":{"line":47,"column":53},"end":{"line":47,"column":67}},"line":47},"8":{"name":"(anonymous_8)","decl":{"start":{"line":48,"column":38},"end":{"line":48,"column":39}},"loc":{"start":{"line":48,"column":45},"end":{"line":48,"column":51}},"line":48},"9":{"name":"(anonymous_9)","decl":{"start":{"line":56,"column":44},"end":{"line":56,"column":45}},"loc":{"start":{"line":56,"column":51},"end":{"line":56,"column":79}},"line":56},"10":{"name":"(anonymous_10)","decl":{"start":{"line":58,"column":29},"end":{"line":58,"column":30}},"loc":{"start":{"line":59,"column":12},"end":{"line":59,"column":56}},"line":59},"11":{"name":"(anonymous_11)","decl":{"start":{"line":63,"column":45},"end":{"line":63,"column":46}},"loc":{"start":{"line":63,"column":52},"end":{"line":63,"column":81}},"line":63},"12":{"name":"(anonymous_12)","decl":{"start":{"line":65,"column":21},"end":{"line":65,"column":22}},"loc":{"start":{"line":66,"column":12},"end":{"line":66,"column":59}},"line":66},"13":{"name":"(anonymous_13)","decl":{"start":{"line":91,"column":21},"end":{"line":91,"column":22}},"loc":{"start":{"line":91,"column":44},"end":{"line":91,"column":84}},"line":91},"14":{"name":"(anonymous_14)","decl":{"start":{"line":93,"column":27},"end":{"line":93,"column":28}},"loc":{"start":{"line":94,"column":16},"end":{"line":94,"column":73}},"line":94},"15":{"name":"(anonymous_15)","decl":{"start":{"line":112,"column":21},"end":{"line":112,"column":22}},"loc":{"start":{"line":112,"column":44},"end":{"line":112,"column":84}},"line":112},"16":{"name":"(anonymous_16)","decl":{"start":{"line":114,"column":28},"end":{"line":114,"column":29}},"loc":{"start":{"line":115,"column":16},"end":{"line":115,"column":73}},"line":115},"17":{"name":"(anonymous_17)","decl":{"start":{"line":137,"column":31},"end":{"line":137,"column":32}},"loc":{"start":{"line":138,"column":14},"end":{"line":143,"column":19}},"line":138}},"branchMap":{"0":{"loc":{"start":{"line":19,"column":4},"end":{"line":21,"column":5}},"type":"if","locations":[{"start":{"line":19,"column":4},"end":{"line":21,"column":5}},{"start":{},"end":{}}],"line":19},"1":{"loc":{"start":{"line":27,"column":21},"end":{"line":27,"column":68}},"type":"cond-expr","locations":[{"start":{"line":27,"column":33},"end":{"line":27,"column":61}},{"start":{"line":27,"column":64},"end":{"line":27,"column":68}}],"line":27},"2":{"loc":{"start":{"line":28,"column":22},"end":{"line":28,"column":63}},"type":"cond-expr","locations":[{"start":{"line":28,"column":35},"end":{"line":28,"column":56}},{"start":{"line":28,"column":59},"end":{"line":28,"column":63}}],"line":28},"3":{"loc":{"start":{"line":29,"column":11},"end":{"line":29,"column":32}},"type":"binary-expr","locations":[{"start":{"line":29,"column":11},"end":{"line":29,"column":19}},{"start":{"line":29,"column":23},"end":{"line":29,"column":32}}],"line":29},"4":{"loc":{"start":{"line":34,"column":27},"end":{"line":34,"column":51}},"type":"binary-expr","locations":[{"start":{"line":34,"column":27},"end":{"line":34,"column":46}},{"start":{"line":34,"column":50},"end":{"line":34,"column":51}}],"line":34},"5":{"loc":{"start":{"line":41,"column":19},"end":{"line":41,"column":35}},"type":"binary-expr","locations":[{"start":{"line":41,"column":19},"end":{"line":41,"column":30}},{"start":{"line":41,"column":34},"end":{"line":41,"column":35}}],"line":41}},"s":{"0":1,"1":1,"2":8,"3":8,"4":8,"5":8,"6":8,"7":8,"8":3,"9":0,"10":3,"11":8,"12":15,"13":15,"14":15,"15":8,"16":12,"17":12,"18":8,"19":8,"20":8,"21":12,"22":12,"23":8,"24":8,"25":8,"26":15,"27":8,"28":15,"29":8,"30":1,"31":10,"32":1,"33":10,"34":12,"35":8,"36":12,"37":8,"38":12},"f":{"0":8,"1":3,"2":15,"3":12,"4":8,"5":12,"6":8,"7":15,"8":15,"9":1,"10":10,"11":1,"12":10,"13":12,"14":8,"15":12,"16":8,"17":12},"b":{"0":[0,3],"1":[3,12],"2":[3,12],"3":[15,14],"4":[12,8],"5":[12,8]},"_coverageSchema":"1a1c01bbd47fc00a2c39e90264f33305004495a9","hash":"e0bfe43b596ef454d92a89bffebbfeb2087209e9"}
,"D:\\UADE\\Integracion de aplicaciones\\LDAP-DAII-G3-Front\\src\\pages\\ForgotPassword.jsx": {"path":"D:\\UADE\\Integracion de aplicaciones\\LDAP-DAII-G3-Front\\src\\pages\\ForgotPassword.jsx","statementMap":{"0":{"start":{"line":12,"column":15},"end":{"line":17,"column":2}},"1":{"start":{"line":19,"column":23},"end":{"line":63,"column":1}},"2":{"start":{"line":20,"column":32},"end":{"line":20,"column":44}},"3":{"start":{"line":25,"column":6},"end":{"line":27,"column":4}},"4":{"start":{"line":29,"column":19},"end":{"line":34,"column":3}},"5":{"start":{"line":30,"column":4},"end":{"line":30,"column":50}},"6":{"start":{"line":31,"column":4},"end":{"line":33,"column":6}},"7":{"start":{"line":36,"column":2},"end":{"line":62,"column":4}}},"fnMap":{"0":{"name":"(anonymous_0)","decl":{"start":{"line":19,"column":23},"end":{"line":19,"column":24}},"loc":{"start":{"line":19,"column":29},"end":{"line":63,"column":1}},"line":19},"1":{"name":"(anonymous_1)","decl":{"start":{"line":29,"column":19},"end":{"line":29,"column":20}},"loc":{"start":{"line":29,"column":35},"end":{"line":34,"column":3}},"line":29}},"branchMap":{"0":{"loc":{"start":{"line":49,"column":9},"end":{"line":53,"column":9}},"type":"binary-expr","locations":[{"start":{"line":49,"column":9},"end":{"line":49,"column":16}},{"start":{"line":50,"column":10},"end":{"line":52,"column":14}}],"line":49}},"s":{"0":1,"1":1,"2":3,"3":3,"4":3,"5":1,"6":1,"7":3},"f":{"0":3,"1":1},"b":{"0":[3,1]},"_coverageSchema":"1a1c01bbd47fc00a2c39e90264f33305004495a9","hash":"814713f468166f808cbdcb6b87c9796f45005f31"}
,"D:\\UADE\\Integracion de aplicaciones\\LDAP-DAII-G3-Front\\src\\pages\\Login.jsx": {"path":"D:\\UADE\\Integracion de aplicaciones\\LDAP-DAII-G3-Front\\src\\pages\\Login.jsx","statementMap":{"0":{"start":{"line":12,"column":15},"end":{"line":18,"column":2}},"1":{"start":{"line":20,"column":14},"end":{"line":88,"column":1}},"2":{"start":{"line":21,"column":19},"end":{"line":21,"column":32}},"3":{"start":{"line":22,"column":28},"end":{"line":22,"column":40}},"4":{"start":{"line":28,"column":6},"end":{"line":30,"column":4}},"5":{"start":{"line":32,"column":19},"end":{"line":45,"column":3}},"6":{"start":{"line":33,"column":4},"end":{"line":44,"column":5}},"7":{"start":{"line":34,"column":23},"end":{"line":34,"column":52}},"8":{"start":{"line":37,"column":6},"end":{"line":41,"column":7}},"9":{"start":{"line":38,"column":8},"end":{"line":38,"column":27}},"10":{"start":{"line":40,"column":8},"end":{"line":40,"column":26}},"11":{"start":{"line":43,"column":6},"end":{"line":43,"column":28}},"12":{"start":{"line":47,"column":2},"end":{"line":87,"column":4}}},"fnMap":{"0":{"name":"(anonymous_0)","decl":{"start":{"line":20,"column":14},"end":{"line":20,"column":15}},"loc":{"start":{"line":20,"column":20},"end":{"line":88,"column":1}},"line":20},"1":{"name":"(anonymous_1)","decl":{"start":{"line":32,"column":19},"end":{"line":32,"column":20}},"loc":{"start":{"line":32,"column":35},"end":{"line":45,"column":3}},"line":32}},"branchMap":{"0":{"loc":{"start":{"line":37,"column":6},"end":{"line":41,"column":7}},"type":"if","locations":[{"start":{"line":37,"column":6},"end":{"line":41,"column":7}},{"start":{"line":39,"column":13},"end":{"line":41,"column":7}}],"line":37},"1":{"loc":{"start":{"line":37,"column":10},"end":{"line":37,"column":56}},"type":"binary-expr","locations":[{"start":{"line":37,"column":10},"end":{"line":37,"column":31}},{"start":{"line":37,"column":35},"end":{"line":37,"column":56}}],"line":37},"2":{"loc":{"start":{"line":69,"column":9},"end":{"line":73,"column":9}},"type":"binary-expr","locations":[{"start":{"line":69,"column":9},"end":{"line":69,"column":14}},{"start":{"line":70,"column":10},"end":{"line":72,"column":14}}],"line":69},"3":{"loc":{"start":{"line":77,"column":11},"end":{"line":77,"column":60}},"type":"cond-expr","locations":[{"start":{"line":77,"column":26},"end":{"line":77,"column":41}},{"start":{"line":77,"column":44},"end":{"line":77,"column":60}}],"line":77}},"s":{"0":1,"1":1,"2":18,"3":18,"4":18,"5":18,"6":4,"7":4,"8":3,"9":2,"10":1,"11":1,"12":18},"f":{"0":18,"1":4},"b":{"0":[2,1],"1":[3,2],"2":[18,1],"3":[4,14]},"_coverageSchema":"1a1c01bbd47fc00a2c39e90264f33305004495a9","hash":"30cbc2779eef6d9b5fb341dc24ba07f378f43aef"}
,"D:\\UADE\\Integracion de aplicaciones\\LDAP-DAII-G3-Front\\src\\pages\\Register.jsx": {"path":"D:\\UADE\\Integracion de aplicaciones\\LDAP-DAII-G3-Front\\src\\pages\\Register.jsx","statementMap":{"0":{"start":{"line":12,"column":15},"end":{"line":28,"column":2}},"1":{"start":{"line":30,"column":17},"end":{"line":98,"column":1}},"2":{"start":{"line":31,"column":19},"end":{"line":31,"column":32}},"3":{"start":{"line":32,"column":28},"end":{"line":32,"column":40}},"4":{"start":{"line":37,"column":6},"end":{"line":39,"column":4}},"5":{"start":{"line":41,"column":19},"end":{"line":49,"column":3}},"6":{"start":{"line":42,"column":4},"end":{"line":48,"column":5}},"7":{"start":{"line":43,"column":6},"end":{"line":43,"column":39}},"8":{"start":{"line":44,"column":6},"end":{"line":44,"column":67}},"9":{"start":{"line":45,"column":6},"end":{"line":45,"column":20}},"10":{"start":{"line":47,"column":6},"end":{"line":47,"column":28}},"11":{"start":{"line":51,"column":2},"end":{"line":97,"column":4}}},"fnMap":{"0":{"name":"(anonymous_0)","decl":{"start":{"line":30,"column":17},"end":{"line":30,"column":18}},"loc":{"start":{"line":30,"column":23},"end":{"line":98,"column":1}},"line":30},"1":{"name":"(anonymous_1)","decl":{"start":{"line":41,"column":19},"end":{"line":41,"column":20}},"loc":{"start":{"line":41,"column":35},"end":{"line":49,"column":3}},"line":41}},"branchMap":{"0":{"loc":{"start":{"line":84,"column":9},"end":{"line":88,"column":9}},"type":"binary-expr","locations":[{"start":{"line":84,"column":9},"end":{"line":84,"column":14}},{"start":{"line":85,"column":10},"end":{"line":87,"column":14}}],"line":84}},"s":{"0":1,"1":1,"2":5,"3":5,"4":5,"5":5,"6":1,"7":1,"8":0,"9":0,"10":1,"11":5},"f":{"0":5,"1":1},"b":{"0":[5,1]},"_coverageSchema":"1a1c01bbd47fc00a2c39e90264f33305004495a9","hash":"78a9cbd9911581427691e51c66e75d90c14713b1"}
}
