{"D:\\UADE\\Integracion de aplicaciones\\LDAP-DAII-G3-Front\\src\\components\\AuthLayout.jsx": {"path":"D:\\UADE\\Integracion de aplicaciones\\LDAP-DAII-G3-Front\\src\\components\\AuthLayout.jsx","statementMap":{"0":{"start":{"line":4,"column":19},"end":{"line":11,"column":1}},"1":{"start":{"line":5,"column":2},"end":{"line":10,"column":8}}},"fnMap":{"0":{"name":"(anonymous_0)","decl":{"start":{"line":4,"column":19},"end":{"line":4,"column":20}},"loc":{"start":{"line":5,"column":2},"end":{"line":10,"column":8}},"line":5}},"branchMap":{},"s":{"0":3,"1":26},"f":{"0":26},"b":{},"_coverageSchema":"1a1c01bbd47fc00a2c39e90264f33305004495a9","hash":"12ca29db04032b19035be75f3f27c72364548d94"}
,"D:\\UADE\\Integracion de aplicaciones\\LDAP-DAII-G3-Front\\src\\components\\Button.jsx": {"path":"D:\\UADE\\Integracion de aplicaciones\\LDAP-DAII-G3-Front\\src\\components\\Button.jsx","statementMap":{"0":{"start":{"line":4,"column":15},"end":{"line":8,"column":1}},"1":{"start":{"line":5,"column":2},"end":{"line":7,"column":11}}},"fnMap":{"0":{"name":"(anonymous_0)","decl":{"start":{"line":4,"column":15},"end":{"line":4,"column":16}},"loc":{"start":{"line":5,"column":2},"end":{"line":7,"column":11}},"line":5}},"branchMap":{},"s":{"0":3,"1":26},"f":{"0":26},"b":{},"_coverageSchema":"1a1c01bbd47fc00a2c39e90264f33305004495a9","hash":"c41473bf00e9bffaa4572f07a5c78bc9337493b1"}
,"D:\\UADE\\Integracion de aplicaciones\\LDAP-DAII-G3-Front\\src\\components\\FormInput.jsx": {"path":"D:\\UADE\\Integracion de aplicaciones\\LDAP-DAII-G3-Front\\src\\components\\FormInput.jsx","statementMap":{"0":{"start":{"line":5,"column":18},"end":{"line":21,"column":1}},"1":{"start":{"line":6,"column":2},"end":{"line":20,"column":4}}},"fnMap":{"0":{"name":"(anonymous_0)","decl":{"start":{"line":5,"column":18},"end":{"line":5,"column":19}},"loc":{"start":{"line":5,"column":69},"end":{"line":21,"column":1}},"line":5}},"branchMap":{"0":{"loc":{"start":{"line":5,"column":32},"end":{"line":5,"column":45}},"type":"default-arg","locations":[{"start":{"line":5,"column":39},"end":{"line":5,"column":45}}],"line":5},"1":{"loc":{"start":{"line":18,"column":7},"end":{"line":18,"column":61}},"type":"binary-expr","locations":[{"start":{"line":18,"column":7},"end":{"line":18,"column":12}},{"start":{"line":18,"column":16},"end":{"line":18,"column":61}}],"line":18}},"s":{"0":4,"1":64},"f":{"0":64},"b":{"0":[4],"1":[64,2]},"_coverageSchema":"1a1c01bbd47fc00a2c39e90264f33305004495a9","hash":"dcf5165277d09172c6298d4ff391f7be552b4bcb"}
,"D:\\UADE\\Integracion de aplicaciones\\LDAP-DAII-G3-Front\\src\\components\\admin\\RoleFormModalContent.jsx": {"path":"D:\\UADE\\Integracion de aplicaciones\\LDAP-DAII-G3-Front\\src\\components\\admin\\RoleFormModalContent.jsx","statementMap":{"0":{"start":{"line":5,"column":29},"end":{"line":107,"column":1}},"1":{"start":{"line":6,"column":29},"end":{"line":6,"column":53}},"2":{"start":{"line":8,"column":26},"end":{"line":12,"column":4}},"3":{"start":{"line":14,"column":30},"end":{"line":14,"column":42}},"4":{"start":{"line":16,"column":2},"end":{"line":22,"column":13}},"5":{"start":{"line":17,"column":4},"end":{"line":21,"column":7}},"6":{"start":{"line":24,"column":2},"end":{"line":26,"column":22}},"7":{"start":{"line":25,"column":4},"end":{"line":25,"column":19}},"8":{"start":{"line":28,"column":23},"end":{"line":41,"column":3}},"9":{"start":{"line":29,"column":4},"end":{"line":40,"column":5}},"10":{"start":{"line":30,"column":6},"end":{"line":30,"column":61}},"11":{"start":{"line":31,"column":6},"end":{"line":31,"column":20}},"12":{"start":{"line":32,"column":6},"end":{"line":32,"column":27}},"13":{"start":{"line":34,"column":24},"end":{"line":34,"column":26}},"14":{"start":{"line":35,"column":6},"end":{"line":37,"column":9}},"15":{"start":{"line":36,"column":8},"end":{"line":36,"column":38}},"16":{"start":{"line":38,"column":6},"end":{"line":38,"column":27}},"17":{"start":{"line":39,"column":6},"end":{"line":39,"column":28}},"18":{"start":{"line":43,"column":23},"end":{"line":48,"column":3}},"19":{"start":{"line":44,"column":28},"end":{"line":44,"column":36}},"20":{"start":{"line":45,"column":20},"end":{"line":45,"column":46}},"21":{"start":{"line":46,"column":4},"end":{"line":46,"column":21}},"22":{"start":{"line":47,"column":4},"end":{"line":47,"column":36}},"23":{"start":{"line":47,"column":18},"end":{"line":47,"column":36}},"24":{"start":{"line":50,"column":2},"end":{"line":106,"column":4}},"25":{"start":{"line":86,"column":14},"end":{"line":88,"column":23}}},"fnMap":{"0":{"name":"(anonymous_0)","decl":{"start":{"line":5,"column":29},"end":{"line":5,"column":30}},"loc":{"start":{"line":5,"column":89},"end":{"line":107,"column":1}},"line":5},"1":{"name":"(anonymous_1)","decl":{"start":{"line":16,"column":12},"end":{"line":16,"column":13}},"loc":{"start":{"line":16,"column":18},"end":{"line":22,"column":3}},"line":16},"2":{"name":"(anonymous_2)","decl":{"start":{"line":24,"column":12},"end":{"line":24,"column":13}},"loc":{"start":{"line":24,"column":18},"end":{"line":26,"column":3}},"line":24},"3":{"name":"(anonymous_3)","decl":{"start":{"line":28,"column":23},"end":{"line":28,"column":24}},"loc":{"start":{"line":28,"column":35},"end":{"line":41,"column":3}},"line":28},"4":{"name":"(anonymous_4)","decl":{"start":{"line":35,"column":24},"end":{"line":35,"column":25}},"loc":{"start":{"line":35,"column":31},"end":{"line":37,"column":7}},"line":35},"5":{"name":"(anonymous_5)","decl":{"start":{"line":43,"column":23},"end":{"line":43,"column":24}},"loc":{"start":{"line":43,"column":30},"end":{"line":48,"column":3}},"line":43},"6":{"name":"(anonymous_6)","decl":{"start":{"line":85,"column":31},"end":{"line":85,"column":32}},"loc":{"start":{"line":86,"column":14},"end":{"line":88,"column":23}},"line":86}},"branchMap":{"0":{"loc":{"start":{"line":5,"column":39},"end":{"line":5,"column":48}},"type":"default-arg","locations":[{"start":{"line":5,"column":46},"end":{"line":5,"column":48}}],"line":5},"1":{"loc":{"start":{"line":9,"column":10},"end":{"line":9,"column":25}},"type":"binary-expr","locations":[{"start":{"line":9,"column":10},"end":{"line":9,"column":19}},{"start":{"line":9,"column":23},"end":{"line":9,"column":25}}],"line":9},"2":{"loc":{"start":{"line":10,"column":17},"end":{"line":10,"column":39}},"type":"binary-expr","locations":[{"start":{"line":10,"column":17},"end":{"line":10,"column":33}},{"start":{"line":10,"column":37},"end":{"line":10,"column":39}}],"line":10},"3":{"loc":{"start":{"line":11,"column":18},"end":{"line":11,"column":41}},"type":"binary-expr","locations":[{"start":{"line":11,"column":18},"end":{"line":11,"column":35}},{"start":{"line":11,"column":39},"end":{"line":11,"column":41}}],"line":11},"4":{"loc":{"start":{"line":18,"column":12},"end":{"line":18,"column":27}},"type":"binary-expr","locations":[{"start":{"line":18,"column":12},"end":{"line":18,"column":21}},{"start":{"line":18,"column":25},"end":{"line":18,"column":27}}],"line":18},"5":{"loc":{"start":{"line":19,"column":19},"end":{"line":19,"column":41}},"type":"binary-expr","locations":[{"start":{"line":19,"column":19},"end":{"line":19,"column":35}},{"start":{"line":19,"column":39},"end":{"line":19,"column":41}}],"line":19},"6":{"loc":{"start":{"line":20,"column":20},"end":{"line":20,"column":43}},"type":"binary-expr","locations":[{"start":{"line":20,"column":20},"end":{"line":20,"column":37}},{"start":{"line":20,"column":41},"end":{"line":20,"column":43}}],"line":20},"7":{"loc":{"start":{"line":47,"column":4},"end":{"line":47,"column":36}},"type":"if","locations":[{"start":{"line":47,"column":4},"end":{"line":47,"column":36}},{"start":{},"end":{}}],"line":47},"8":{"loc":{"start":{"line":55,"column":7},"end":{"line":55,"column":32}},"type":"binary-expr","locations":[{"start":{"line":55,"column":7},"end":{"line":55,"column":12}},{"start":{"line":55,"column":16},"end":{"line":55,"column":32}}],"line":55},"9":{"loc":{"start":{"line":64,"column":9},"end":{"line":64,"column":73}},"type":"binary-expr","locations":[{"start":{"line":64,"column":9},"end":{"line":64,"column":20}},{"start":{"line":64,"column":24},"end":{"line":64,"column":73}}],"line":64},"10":{"loc":{"start":{"line":75,"column":9},"end":{"line":75,"column":87}},"type":"binary-expr","locations":[{"start":{"line":75,"column":9},"end":{"line":75,"column":27}},{"start":{"line":75,"column":31},"end":{"line":75,"column":87}}],"line":75},"11":{"loc":{"start":{"line":77,"column":7},"end":{"line":104,"column":7}},"type":"cond-expr","locations":[{"start":{"line":78,"column":8},"end":{"line":92,"column":14}},{"start":{"line":94,"column":8},"end":{"line":103,"column":14}}],"line":77},"12":{"loc":{"start":{"line":81,"column":19},"end":{"line":81,"column":42}},"type":"binary-expr","locations":[{"start":{"line":81,"column":19},"end":{"line":81,"column":36}},{"start":{"line":81,"column":40},"end":{"line":81,"column":42}}],"line":81},"13":{"loc":{"start":{"line":91,"column":11},"end":{"line":91,"column":91}},"type":"binary-expr","locations":[{"start":{"line":91,"column":11},"end":{"line":91,"column":30}},{"start":{"line":91,"column":34},"end":{"line":91,"column":91}}],"line":91}},"s":{"0":2,"1":21,"2":21,"3":21,"4":21,"5":9,"6":21,"7":18,"8":21,"9":18,"10":18,"11":16,"12":16,"13":2,"14":2,"15":4,"16":2,"17":2,"18":21,"19":1,"20":1,"21":1,"22":1,"23":1,"24":21,"25":4},"f":{"0":21,"1":9,"2":18,"3":18,"4":4,"5":1,"6":4},"b":{"0":[0],"1":[21,14],"2":[21,21],"3":[21,21],"4":[9,6],"5":[9,9],"6":[9,9],"7":[1,0],"8":[21,2],"9":[21,1],"10":[21,1],"11":[14,7],"12":[14,14],"13":[14,0]},"_coverageSchema":"1a1c01bbd47fc00a2c39e90264f33305004495a9","hash":"c1b9769ec6dda239c1b628f0a64c786df0dabf9a"}
,"D:\\UADE\\Integracion de aplicaciones\\LDAP-DAII-G3-Front\\src\\components\\admin\\RolesTab.jsx": {"path":"D:\\UADE\\Integracion de aplicaciones\\LDAP-DAII-G3-Front\\src\\components\\admin\\RolesTab.jsx","statementMap":{"0":{"start":{"line":9,"column":17},"end":{"line":127,"column":1}},"1":{"start":{"line":10,"column":28},"end":{"line":10,"column":40}},"2":{"start":{"line":11,"column":58},"end":{"line":11,"column":70}},"3":{"start":{"line":12,"column":32},"end":{"line":12,"column":89}},"4":{"start":{"line":13,"column":32},"end":{"line":13,"column":47}},"5":{"start":{"line":14,"column":24},"end":{"line":14,"column":48}},"6":{"start":{"line":15,"column":19},"end":{"line":15,"column":63}},"7":{"start":{"line":16,"column":22},"end":{"line":16,"column":69}},"8":{"start":{"line":18,"column":2},"end":{"line":49,"column":9}},"9":{"start":{"line":19,"column":21},"end":{"line":46,"column":5}},"10":{"start":{"line":20,"column":6},"end":{"line":45,"column":7}},"11":{"start":{"line":23,"column":10},"end":{"line":25,"column":20}},"12":{"start":{"line":24,"column":22},"end":{"line":24,"column":82}},"13":{"start":{"line":26,"column":8},"end":{"line":26,"column":31}},"14":{"start":{"line":28,"column":8},"end":{"line":42,"column":9}},"15":{"start":{"line":30,"column":49},"end":{"line":33,"column":12}},"16":{"start":{"line":35,"column":10},"end":{"line":35,"column":57}},"17":{"start":{"line":36,"column":10},"end":{"line":36,"column":78}},"18":{"start":{"line":39,"column":28},"end":{"line":39,"column":91}},"19":{"start":{"line":40,"column":10},"end":{"line":40,"column":57}},"20":{"start":{"line":41,"column":10},"end":{"line":41,"column":45}},"21":{"start":{"line":44,"column":8},"end":{"line":44,"column":67}},"22":{"start":{"line":48,"column":4},"end":{"line":48,"column":15}},"23":{"start":{"line":51,"column":23},"end":{"line":87,"column":3}},"24":{"start":{"line":52,"column":19},"end":{"line":52,"column":70}},"25":{"start":{"line":54,"column":4},"end":{"line":84,"column":7}},"26":{"start":{"line":56,"column":8},"end":{"line":63,"column":10}},"27":{"start":{"line":60,"column":28},"end":{"line":60,"column":40}},"28":{"start":{"line":66,"column":8},"end":{"line":81,"column":9}},"29":{"start":{"line":67,"column":10},"end":{"line":71,"column":13}},"30":{"start":{"line":73,"column":27},"end":{"line":73,"column":71}},"31":{"start":{"line":74,"column":23},"end":{"line":76,"column":77}},"32":{"start":{"line":78,"column":10},"end":{"line":78,"column":47}},"33":{"start":{"line":80,"column":10},"end":{"line":80,"column":55}},"34":{"start":{"line":86,"column":4},"end":{"line":86,"column":64}},"35":{"start":{"line":89,"column":23},"end":{"line":107,"column":3}},"36":{"start":{"line":90,"column":4},"end":{"line":106,"column":7}},"37":{"start":{"line":97,"column":8},"end":{"line":102,"column":9}},"38":{"start":{"line":98,"column":10},"end":{"line":98,"column":48}},"39":{"start":{"line":99,"column":10},"end":{"line":99,"column":67}},"40":{"start":{"line":99,"column":29},"end":{"line":99,"column":65}},"41":{"start":{"line":99,"column":48},"end":{"line":99,"column":64}},"42":{"start":{"line":101,"column":10},"end":{"line":101,"column":55}},"43":{"start":{"line":109,"column":2},"end":{"line":126,"column":4}}},"fnMap":{"0":{"name":"(anonymous_0)","decl":{"start":{"line":9,"column":17},"end":{"line":9,"column":18}},"loc":{"start":{"line":9,"column":38},"end":{"line":127,"column":1}},"line":9},"1":{"name":"(anonymous_1)","decl":{"start":{"line":18,"column":12},"end":{"line":18,"column":13}},"loc":{"start":{"line":18,"column":18},"end":{"line":49,"column":3}},"line":18},"2":{"name":"(anonymous_2)","decl":{"start":{"line":19,"column":21},"end":{"line":19,"column":22}},"loc":{"start":{"line":19,"column":33},"end":{"line":46,"column":5}},"line":19},"3":{"name":"(anonymous_3)","decl":{"start":{"line":24,"column":12},"end":{"line":24,"column":13}},"loc":{"start":{"line":24,"column":22},"end":{"line":24,"column":82}},"line":24},"4":{"name":"(anonymous_4)","decl":{"start":{"line":51,"column":23},"end":{"line":51,"column":24}},"loc":{"start":{"line":51,"column":29},"end":{"line":87,"column":3}},"line":51},"5":{"name":"(anonymous_5)","decl":{"start":{"line":55,"column":15},"end":{"line":55,"column":16}},"loc":{"start":{"line":56,"column":8},"end":{"line":63,"column":10}},"line":56},"6":{"name":"(anonymous_6)","decl":{"start":{"line":60,"column":20},"end":{"line":60,"column":21}},"loc":{"start":{"line":60,"column":28},"end":{"line":60,"column":40}},"line":60},"7":{"name":"(anonymous_7)","decl":{"start":{"line":65,"column":16},"end":{"line":65,"column":17}},"loc":{"start":{"line":65,"column":28},"end":{"line":82,"column":7}},"line":65},"8":{"name":"(anonymous_8)","decl":{"start":{"line":89,"column":23},"end":{"line":89,"column":24}},"loc":{"start":{"line":89,"column":33},"end":{"line":107,"column":3}},"line":89},"9":{"name":"(anonymous_9)","decl":{"start":{"line":96,"column":16},"end":{"line":96,"column":17}},"loc":{"start":{"line":96,"column":28},"end":{"line":103,"column":7}},"line":96},"10":{"name":"(anonymous_10)","decl":{"start":{"line":99,"column":19},"end":{"line":99,"column":20}},"loc":{"start":{"line":99,"column":29},"end":{"line":99,"column":65}},"line":99},"11":{"name":"(anonymous_11)","decl":{"start":{"line":99,"column":41},"end":{"line":99,"column":42}},"loc":{"start":{"line":99,"column":48},"end":{"line":99,"column":64}},"line":99}},"branchMap":{"0":{"loc":{"start":{"line":23,"column":10},"end":{"line":25,"column":20}},"type":"binary-expr","locations":[{"start":{"line":23,"column":10},"end":{"line":25,"column":11}},{"start":{"line":25,"column":15},"end":{"line":25,"column":20}}],"line":23},"1":{"loc":{"start":{"line":24,"column":22},"end":{"line":24,"column":82}},"type":"binary-expr","locations":[{"start":{"line":24,"column":22},"end":{"line":24,"column":49}},{"start":{"line":24,"column":53},"end":{"line":24,"column":82}}],"line":24},"2":{"loc":{"start":{"line":28,"column":8},"end":{"line":42,"column":9}},"type":"if","locations":[{"start":{"line":28,"column":8},"end":{"line":42,"column":9}},{"start":{"line":37,"column":15},"end":{"line":42,"column":9}}],"line":28},"3":{"loc":{"start":{"line":35,"column":19},"end":{"line":35,"column":55}},"type":"binary-expr","locations":[{"start":{"line":35,"column":20},"end":{"line":35,"column":29}},{"start":{"line":35,"column":33},"end":{"line":35,"column":48}},{"start":{"line":35,"column":53},"end":{"line":35,"column":55}}],"line":35},"4":{"loc":{"start":{"line":36,"column":34},"end":{"line":36,"column":76}},"type":"binary-expr","locations":[{"start":{"line":36,"column":34},"end":{"line":36,"column":70}},{"start":{"line":36,"column":74},"end":{"line":36,"column":76}}],"line":36},"5":{"loc":{"start":{"line":40,"column":19},"end":{"line":40,"column":55}},"type":"binary-expr","locations":[{"start":{"line":40,"column":20},"end":{"line":40,"column":29}},{"start":{"line":40,"column":33},"end":{"line":40,"column":48}},{"start":{"line":40,"column":53},"end":{"line":40,"column":55}}],"line":40},"6":{"loc":{"start":{"line":74,"column":23},"end":{"line":76,"column":77}},"type":"cond-expr","locations":[{"start":{"line":75,"column":14},"end":{"line":75,"column":42}},{"start":{"line":76,"column":14},"end":{"line":76,"column":77}}],"line":74},"7":{"loc":{"start":{"line":78,"column":19},"end":{"line":78,"column":45}},"type":"binary-expr","locations":[{"start":{"line":78,"column":20},"end":{"line":78,"column":24}},{"start":{"line":78,"column":28},"end":{"line":78,"column":38}},{"start":{"line":78,"column":43},"end":{"line":78,"column":45}}],"line":78}},"s":{"0":2,"1":14,"2":14,"3":14,"4":14,"5":14,"6":14,"7":14,"8":14,"9":5,"10":5,"11":5,"12":5,"13":5,"14":5,"15":5,"16":4,"17":4,"18":0,"19":0,"20":0,"21":1,"22":5,"23":14,"24":0,"25":0,"26":0,"27":0,"28":0,"29":0,"30":0,"31":0,"32":0,"33":0,"34":0,"35":14,"36":2,"37":2,"38":2,"39":1,"40":1,"41":1,"42":1,"43":14},"f":{"0":14,"1":5,"2":5,"3":5,"4":0,"5":0,"6":0,"7":0,"8":2,"9":2,"10":1,"11":1},"b":{"0":[5,0],"1":[5,5],"2":[5,0],"3":[4,4,0],"4":[4,0],"5":[0,0,0],"6":[0,0],"7":[0,0,0]},"_coverageSchema":"1a1c01bbd47fc00a2c39e90264f33305004495a9","hash":"30d732364c83fda04eec84aa83b01b30b553b003"}
,"D:\\UADE\\Integracion de aplicaciones\\LDAP-DAII-G3-Front\\src\\components\\admin\\RolesTable.jsx": {"path":"D:\\UADE\\Integracion de aplicaciones\\LDAP-DAII-G3-Front\\src\\components\\admin\\RolesTable.jsx","statementMap":{"0":{"start":{"line":3,"column":19},"end":{"line":44,"column":1}},"1":{"start":{"line":4,"column":2},"end":{"line":6,"column":3}},"2":{"start":{"line":5,"column":4},"end":{"line":5,"column":43}},"3":{"start":{"line":8,"column":21},"end":{"line":14,"column":3}},"4":{"start":{"line":9,"column":4},"end":{"line":13,"column":5}},"5":{"start":{"line":10,"column":6},"end":{"line":10,"column":42}},"6":{"start":{"line":12,"column":6},"end":{"line":12,"column":15}},"7":{"start":{"line":16,"column":2},"end":{"line":43,"column":4}},"8":{"start":{"line":30,"column":10},"end":{"line":39,"column":15}},"9":{"start":{"line":37,"column":35},"end":{"line":37,"column":53}}},"fnMap":{"0":{"name":"(anonymous_0)","decl":{"start":{"line":3,"column":19},"end":{"line":3,"column":20}},"loc":{"start":{"line":3,"column":48},"end":{"line":44,"column":1}},"line":3},"1":{"name":"(anonymous_1)","decl":{"start":{"line":8,"column":21},"end":{"line":8,"column":22}},"loc":{"start":{"line":8,"column":28},"end":{"line":14,"column":3}},"line":8},"2":{"name":"(anonymous_2)","decl":{"start":{"line":29,"column":19},"end":{"line":29,"column":20}},"loc":{"start":{"line":30,"column":10},"end":{"line":39,"column":15}},"line":30},"3":{"name":"(anonymous_3)","decl":{"start":{"line":37,"column":29},"end":{"line":37,"column":30}},"loc":{"start":{"line":37,"column":35},"end":{"line":37,"column":53}},"line":37}},"branchMap":{"0":{"loc":{"start":{"line":4,"column":2},"end":{"line":6,"column":3}},"type":"if","locations":[{"start":{"line":4,"column":2},"end":{"line":6,"column":3}},{"start":{},"end":{}}],"line":4},"1":{"loc":{"start":{"line":4,"column":6},"end":{"line":4,"column":34}},"type":"binary-expr","locations":[{"start":{"line":4,"column":6},"end":{"line":4,"column":12}},{"start":{"line":4,"column":16},"end":{"line":4,"column":34}}],"line":4},"2":{"loc":{"start":{"line":30,"column":27},"end":{"line":30,"column":47}},"type":"binary-expr","locations":[{"start":{"line":30,"column":27},"end":{"line":30,"column":34}},{"start":{"line":30,"column":38},"end":{"line":30,"column":47}}],"line":30}},"s":{"0":2,"1":12,"2":3,"3":9,"4":32,"5":32,"6":0,"7":9,"8":16,"9":1},"f":{"0":12,"1":32,"2":16,"3":1},"b":{"0":[3,9],"1":[12,10],"2":[16,1]},"_coverageSchema":"1a1c01bbd47fc00a2c39e90264f33305004495a9","hash":"39a69e50997fe348baf0b5e7b56d93bf497eaa88"}
,"D:\\UADE\\Integracion de aplicaciones\\LDAP-DAII-G3-Front\\src\\components\\admin\\UserFormModalContent.jsx": {"path":"D:\\UADE\\Integracion de aplicaciones\\LDAP-DAII-G3-Front\\src\\components\\admin\\UserFormModalContent.jsx","statementMap":{"0":{"start":{"line":5,"column":29},"end":{"line":208,"column":1}},"1":{"start":{"line":6,"column":29},"end":{"line":6,"column":53}},"2":{"start":{"line":8,"column":26},"end":{"line":8,"column":40}},"3":{"start":{"line":9,"column":28},"end":{"line":9,"column":49}},"4":{"start":{"line":10,"column":30},"end":{"line":10,"column":42}},"5":{"start":{"line":11,"column":19},"end":{"line":11,"column":69}},"6":{"start":{"line":12,"column":22},"end":{"line":12,"column":77}},"7":{"start":{"line":14,"column":18},"end":{"line":19,"column":19}},"8":{"start":{"line":15,"column":4},"end":{"line":18,"column":6}},"9":{"start":{"line":17,"column":8},"end":{"line":17,"column":83}},"10":{"start":{"line":22,"column":2},"end":{"line":47,"column":69}},"11":{"start":{"line":23,"column":4},"end":{"line":23,"column":24}},"12":{"start":{"line":25,"column":24},"end":{"line":25,"column":42}},"13":{"start":{"line":26,"column":28},"end":{"line":26,"column":50}},"14":{"start":{"line":28,"column":4},"end":{"line":46,"column":5}},"15":{"start":{"line":29,"column":6},"end":{"line":29,"column":74}},"16":{"start":{"line":29,"column":41},"end":{"line":29,"column":71}},"17":{"start":{"line":30,"column":6},"end":{"line":34,"column":9}},"18":{"start":{"line":31,"column":24},"end":{"line":31,"column":62}},"19":{"start":{"line":32,"column":8},"end":{"line":32,"column":40}},"20":{"start":{"line":32,"column":22},"end":{"line":32,"column":40}},"21":{"start":{"line":33,"column":8},"end":{"line":33,"column":23}},"22":{"start":{"line":36,"column":6},"end":{"line":45,"column":7}},"23":{"start":{"line":37,"column":8},"end":{"line":37,"column":30}},"24":{"start":{"line":39,"column":8},"end":{"line":39,"column":80}},"25":{"start":{"line":39,"column":43},"end":{"line":39,"column":77}},"26":{"start":{"line":40,"column":8},"end":{"line":44,"column":11}},"27":{"start":{"line":41,"column":26},"end":{"line":41,"column":68}},"28":{"start":{"line":42,"column":10},"end":{"line":42,"column":42}},"29":{"start":{"line":42,"column":24},"end":{"line":42,"column":42}},"30":{"start":{"line":43,"column":10},"end":{"line":43,"column":25}},"31":{"start":{"line":50,"column":2},"end":{"line":52,"column":13}},"32":{"start":{"line":51,"column":4},"end":{"line":51,"column":19}},"33":{"start":{"line":54,"column":23},"end":{"line":67,"column":3}},"34":{"start":{"line":55,"column":4},"end":{"line":66,"column":5}},"35":{"start":{"line":56,"column":6},"end":{"line":56,"column":61}},"36":{"start":{"line":57,"column":6},"end":{"line":57,"column":20}},"37":{"start":{"line":58,"column":6},"end":{"line":58,"column":27}},"38":{"start":{"line":60,"column":24},"end":{"line":60,"column":26}},"39":{"start":{"line":61,"column":6},"end":{"line":63,"column":9}},"40":{"start":{"line":62,"column":8},"end":{"line":62,"column":38}},"41":{"start":{"line":64,"column":6},"end":{"line":64,"column":27}},"42":{"start":{"line":65,"column":6},"end":{"line":65,"column":28}},"43":{"start":{"line":69,"column":23},"end":{"line":106,"column":3}},"44":{"start":{"line":70,"column":28},"end":{"line":70,"column":36}},"45":{"start":{"line":72,"column":4},"end":{"line":82,"column":5}},"46":{"start":{"line":73,"column":6},"end":{"line":73,"column":25}},"47":{"start":{"line":73,"column":18},"end":{"line":73,"column":25}},"48":{"start":{"line":75,"column":6},"end":{"line":75,"column":74}},"49":{"start":{"line":75,"column":44},"end":{"line":75,"column":71}},"50":{"start":{"line":76,"column":6},"end":{"line":80,"column":9}},"51":{"start":{"line":77,"column":28},"end":{"line":77,"column":71}},"52":{"start":{"line":78,"column":8},"end":{"line":78,"column":44}},"53":{"start":{"line":78,"column":22},"end":{"line":78,"column":44}},"54":{"start":{"line":79,"column":8},"end":{"line":79,"column":27}},"55":{"start":{"line":81,"column":6},"end":{"line":81,"column":13}},"56":{"start":{"line":84,"column":4},"end":{"line":101,"column":5}},"57":{"start":{"line":85,"column":6},"end":{"line":85,"column":25}},"58":{"start":{"line":85,"column":18},"end":{"line":85,"column":25}},"59":{"start":{"line":86,"column":27},"end":{"line":86,"column":68}},"60":{"start":{"line":86,"column":51},"end":{"line":86,"column":67}},"61":{"start":{"line":87,"column":6},"end":{"line":87,"column":32}},"62":{"start":{"line":87,"column":25},"end":{"line":87,"column":32}},"63":{"start":{"line":89,"column":6},"end":{"line":99,"column":9}},"64":{"start":{"line":90,"column":29},"end":{"line":90,"column":45}},"65":{"start":{"line":91,"column":23},"end":{"line":91,"column":77}},"66":{"start":{"line":91,"column":48},"end":{"line":91,"column":76}},"67":{"start":{"line":92,"column":29},"end":{"line":94,"column":43}},"68":{"start":{"line":93,"column":39},"end":{"line":93,"column":67}},"69":{"start":{"line":96,"column":28},"end":{"line":96,"column":60}},"70":{"start":{"line":97,"column":8},"end":{"line":97,"column":44}},"71":{"start":{"line":97,"column":22},"end":{"line":97,"column":44}},"72":{"start":{"line":98,"column":8},"end":{"line":98,"column":27}},"73":{"start":{"line":100,"column":6},"end":{"line":100,"column":13}},"74":{"start":{"line":103,"column":20},"end":{"line":103,"column":46}},"75":{"start":{"line":104,"column":4},"end":{"line":104,"column":21}},"76":{"start":{"line":105,"column":4},"end":{"line":105,"column":36}},"77":{"start":{"line":105,"column":18},"end":{"line":105,"column":36}},"78":{"start":{"line":108,"column":21},"end":{"line":115,"column":3}},"79":{"start":{"line":109,"column":4},"end":{"line":114,"column":7}},"80":{"start":{"line":110,"column":27},"end":{"line":110,"column":73}},"81":{"start":{"line":110,"column":52},"end":{"line":110,"column":72}},"82":{"start":{"line":111,"column":26},"end":{"line":111,"column":58}},"83":{"start":{"line":112,"column":6},"end":{"line":112,"column":42}},"84":{"start":{"line":112,"column":20},"end":{"line":112,"column":42}},"85":{"start":{"line":113,"column":6},"end":{"line":113,"column":25}},"86":{"start":{"line":117,"column":2},"end":{"line":207,"column":4}},"87":{"start":{"line":171,"column":14},"end":{"line":173,"column":23}},"88":{"start":{"line":187,"column":12},"end":{"line":189,"column":21}},"89":{"start":{"line":197,"column":14},"end":{"line":199,"column":20}},"90":{"start":{"line":197,"column":71},"end":{"line":197,"column":86}}},"fnMap":{"0":{"name":"(anonymous_0)","decl":{"start":{"line":5,"column":29},"end":{"line":5,"column":30}},"loc":{"start":{"line":5,"column":106},"end":{"line":208,"column":1}},"line":5},"1":{"name":"(anonymous_1)","decl":{"start":{"line":14,"column":26},"end":{"line":14,"column":27}},"loc":{"start":{"line":14,"column":32},"end":{"line":19,"column":3}},"line":14},"2":{"name":"(anonymous_2)","decl":{"start":{"line":16,"column":6},"end":{"line":16,"column":7}},"loc":{"start":{"line":17,"column":8},"end":{"line":17,"column":83}},"line":17},"3":{"name":"(anonymous_3)","decl":{"start":{"line":22,"column":12},"end":{"line":22,"column":13}},"loc":{"start":{"line":22,"column":18},"end":{"line":47,"column":3}},"line":22},"4":{"name":"(anonymous_4)","decl":{"start":{"line":29,"column":34},"end":{"line":29,"column":35}},"loc":{"start":{"line":29,"column":41},"end":{"line":29,"column":71}},"line":29},"5":{"name":"(anonymous_5)","decl":{"start":{"line":30,"column":14},"end":{"line":30,"column":15}},"loc":{"start":{"line":30,"column":24},"end":{"line":34,"column":7}},"line":30},"6":{"name":"(anonymous_6)","decl":{"start":{"line":39,"column":36},"end":{"line":39,"column":37}},"loc":{"start":{"line":39,"column":43},"end":{"line":39,"column":77}},"line":39},"7":{"name":"(anonymous_7)","decl":{"start":{"line":40,"column":16},"end":{"line":40,"column":17}},"loc":{"start":{"line":40,"column":26},"end":{"line":44,"column":9}},"line":40},"8":{"name":"(anonymous_8)","decl":{"start":{"line":50,"column":12},"end":{"line":50,"column":13}},"loc":{"start":{"line":50,"column":18},"end":{"line":52,"column":3}},"line":50},"9":{"name":"(anonymous_9)","decl":{"start":{"line":54,"column":23},"end":{"line":54,"column":24}},"loc":{"start":{"line":54,"column":35},"end":{"line":67,"column":3}},"line":54},"10":{"name":"(anonymous_10)","decl":{"start":{"line":61,"column":24},"end":{"line":61,"column":25}},"loc":{"start":{"line":61,"column":31},"end":{"line":63,"column":7}},"line":61},"11":{"name":"(anonymous_11)","decl":{"start":{"line":69,"column":23},"end":{"line":69,"column":24}},"loc":{"start":{"line":69,"column":30},"end":{"line":106,"column":3}},"line":69},"12":{"name":"(anonymous_12)","decl":{"start":{"line":75,"column":34},"end":{"line":75,"column":35}},"loc":{"start":{"line":75,"column":44},"end":{"line":75,"column":71}},"line":75},"13":{"name":"(anonymous_13)","decl":{"start":{"line":76,"column":14},"end":{"line":76,"column":15}},"loc":{"start":{"line":76,"column":24},"end":{"line":80,"column":7}},"line":76},"14":{"name":"(anonymous_14)","decl":{"start":{"line":86,"column":44},"end":{"line":86,"column":45}},"loc":{"start":{"line":86,"column":51},"end":{"line":86,"column":67}},"line":86},"15":{"name":"(anonymous_15)","decl":{"start":{"line":89,"column":14},"end":{"line":89,"column":15}},"loc":{"start":{"line":89,"column":24},"end":{"line":99,"column":7}},"line":89},"16":{"name":"(anonymous_16)","decl":{"start":{"line":91,"column":41},"end":{"line":91,"column":42}},"loc":{"start":{"line":91,"column":48},"end":{"line":91,"column":76}},"line":91},"17":{"name":"(anonymous_17)","decl":{"start":{"line":93,"column":32},"end":{"line":93,"column":33}},"loc":{"start":{"line":93,"column":39},"end":{"line":93,"column":67}},"line":93},"18":{"name":"(anonymous_18)","decl":{"start":{"line":108,"column":21},"end":{"line":108,"column":22}},"loc":{"start":{"line":108,"column":31},"end":{"line":115,"column":3}},"line":108},"19":{"name":"(anonymous_19)","decl":{"start":{"line":109,"column":12},"end":{"line":109,"column":13}},"loc":{"start":{"line":109,"column":22},"end":{"line":114,"column":5}},"line":109},"20":{"name":"(anonymous_20)","decl":{"start":{"line":110,"column":45},"end":{"line":110,"column":46}},"loc":{"start":{"line":110,"column":52},"end":{"line":110,"column":72}},"line":110},"21":{"name":"(anonymous_21)","decl":{"start":{"line":170,"column":31},"end":{"line":170,"column":32}},"loc":{"start":{"line":171,"column":14},"end":{"line":173,"column":23}},"line":171},"22":{"name":"(anonymous_22)","decl":{"start":{"line":186,"column":21},"end":{"line":186,"column":22}},"loc":{"start":{"line":187,"column":12},"end":{"line":189,"column":21}},"line":187},"23":{"name":"(anonymous_23)","decl":{"start":{"line":196,"column":27},"end":{"line":196,"column":28}},"loc":{"start":{"line":197,"column":14},"end":{"line":199,"column":20}},"line":197},"24":{"name":"(anonymous_24)","decl":{"start":{"line":197,"column":65},"end":{"line":197,"column":66}},"loc":{"start":{"line":197,"column":71},"end":{"line":197,"column":86}},"line":197}},"branchMap":{"0":{"loc":{"start":{"line":5,"column":55},"end":{"line":5,"column":73}},"type":"default-arg","locations":[{"start":{"line":5,"column":71},"end":{"line":5,"column":73}}],"line":5},"1":{"loc":{"start":{"line":5,"column":75},"end":{"line":5,"column":91}},"type":"default-arg","locations":[{"start":{"line":5,"column":89},"end":{"line":5,"column":91}}],"line":5},"2":{"loc":{"start":{"line":11,"column":19},"end":{"line":11,"column":69}},"type":"binary-expr","locations":[{"start":{"line":11,"column":19},"end":{"line":11,"column":63}},{"start":{"line":11,"column":67},"end":{"line":11,"column":69}}],"line":11},"3":{"loc":{"start":{"line":12,"column":33},"end":{"line":12,"column":76}},"type":"binary-expr","locations":[{"start":{"line":12,"column":33},"end":{"line":12,"column":68}},{"start":{"line":12,"column":72},"end":{"line":12,"column":76}}],"line":12},"4":{"loc":{"start":{"line":17,"column":8},"end":{"line":17,"column":83}},"type":"binary-expr","locations":[{"start":{"line":17,"column":8},"end":{"line":17,"column":50}},{"start":{"line":17,"column":54},"end":{"line":17,"column":83}}],"line":17},"5":{"loc":{"start":{"line":23,"column":12},"end":{"line":23,"column":22}},"type":"binary-expr","locations":[{"start":{"line":23,"column":12},"end":{"line":23,"column":16}},{"start":{"line":23,"column":20},"end":{"line":23,"column":22}}],"line":23},"6":{"loc":{"start":{"line":28,"column":4},"end":{"line":46,"column":5}},"type":"if","locations":[{"start":{"line":28,"column":4},"end":{"line":46,"column":5}},{"start":{"line":35,"column":11},"end":{"line":46,"column":5}}],"line":28},"7":{"loc":{"start":{"line":32,"column":8},"end":{"line":32,"column":40}},"type":"if","locations":[{"start":{"line":32,"column":8},"end":{"line":32,"column":40}},{"start":{},"end":{}}],"line":32},"8":{"loc":{"start":{"line":36,"column":6},"end":{"line":45,"column":7}},"type":"if","locations":[{"start":{"line":36,"column":6},"end":{"line":45,"column":7}},{"start":{"line":38,"column":13},"end":{"line":45,"column":7}}],"line":36},"9":{"loc":{"start":{"line":42,"column":10},"end":{"line":42,"column":42}},"type":"if","locations":[{"start":{"line":42,"column":10},"end":{"line":42,"column":42}},{"start":{},"end":{}}],"line":42},"10":{"loc":{"start":{"line":72,"column":4},"end":{"line":82,"column":5}},"type":"if","locations":[{"start":{"line":72,"column":4},"end":{"line":82,"column":5}},{"start":{},"end":{}}],"line":72},"11":{"loc":{"start":{"line":73,"column":6},"end":{"line":73,"column":25}},"type":"if","locations":[{"start":{"line":73,"column":6},"end":{"line":73,"column":25}},{"start":{},"end":{}}],"line":73},"12":{"loc":{"start":{"line":78,"column":8},"end":{"line":78,"column":44}},"type":"if","locations":[{"start":{"line":78,"column":8},"end":{"line":78,"column":44}},{"start":{},"end":{}}],"line":78},"13":{"loc":{"start":{"line":84,"column":4},"end":{"line":101,"column":5}},"type":"if","locations":[{"start":{"line":84,"column":4},"end":{"line":101,"column":5}},{"start":{},"end":{}}],"line":84},"14":{"loc":{"start":{"line":85,"column":6},"end":{"line":85,"column":25}},"type":"if","locations":[{"start":{"line":85,"column":6},"end":{"line":85,"column":25}},{"start":{},"end":{}}],"line":85},"15":{"loc":{"start":{"line":87,"column":6},"end":{"line":87,"column":32}},"type":"if","locations":[{"start":{"line":87,"column":6},"end":{"line":87,"column":32}},{"start":{},"end":{}}],"line":87},"16":{"loc":{"start":{"line":90,"column":29},"end":{"line":90,"column":45}},"type":"binary-expr","locations":[{"start":{"line":90,"column":29},"end":{"line":90,"column":39}},{"start":{"line":90,"column":43},"end":{"line":90,"column":45}}],"line":90},"17":{"loc":{"start":{"line":92,"column":29},"end":{"line":94,"column":43}},"type":"cond-expr","locations":[{"start":{"line":93,"column":12},"end":{"line":93,"column":68}},{"start":{"line":94,"column":12},"end":{"line":94,"column":43}}],"line":92},"18":{"loc":{"start":{"line":97,"column":8},"end":{"line":97,"column":44}},"type":"if","locations":[{"start":{"line":97,"column":8},"end":{"line":97,"column":44}},{"start":{},"end":{}}],"line":97},"19":{"loc":{"start":{"line":105,"column":4},"end":{"line":105,"column":36}},"type":"if","locations":[{"start":{"line":105,"column":4},"end":{"line":105,"column":36}},{"start":{},"end":{}}],"line":105},"20":{"loc":{"start":{"line":112,"column":6},"end":{"line":112,"column":42}},"type":"if","locations":[{"start":{"line":112,"column":6},"end":{"line":112,"column":42}},{"start":{},"end":{}}],"line":112},"21":{"loc":{"start":{"line":122,"column":7},"end":{"line":122,"column":32}},"type":"binary-expr","locations":[{"start":{"line":122,"column":7},"end":{"line":122,"column":12}},{"start":{"line":122,"column":16},"end":{"line":122,"column":32}}],"line":122},"22":{"loc":{"start":{"line":130,"column":17},"end":{"line":130,"column":38}},"type":"binary-expr","locations":[{"start":{"line":130,"column":17},"end":{"line":130,"column":32}},{"start":{"line":130,"column":36},"end":{"line":130,"column":38}}],"line":130},"23":{"loc":{"start":{"line":133,"column":9},"end":{"line":133,"column":85}},"type":"binary-expr","locations":[{"start":{"line":133,"column":9},"end":{"line":133,"column":26}},{"start":{"line":133,"column":30},"end":{"line":133,"column":85}}],"line":133},"24":{"loc":{"start":{"line":142,"column":17},"end":{"line":142,"column":37}},"type":"binary-expr","locations":[{"start":{"line":142,"column":17},"end":{"line":142,"column":31}},{"start":{"line":142,"column":35},"end":{"line":142,"column":37}}],"line":142},"25":{"loc":{"start":{"line":145,"column":9},"end":{"line":145,"column":83}},"type":"binary-expr","locations":[{"start":{"line":145,"column":9},"end":{"line":145,"column":25}},{"start":{"line":145,"column":29},"end":{"line":145,"column":83}}],"line":145},"26":{"loc":{"start":{"line":155,"column":17},"end":{"line":155,"column":32}},"type":"binary-expr","locations":[{"start":{"line":155,"column":17},"end":{"line":155,"column":26}},{"start":{"line":155,"column":30},"end":{"line":155,"column":32}}],"line":155},"27":{"loc":{"start":{"line":158,"column":9},"end":{"line":158,"column":73}},"type":"binary-expr","locations":[{"start":{"line":158,"column":9},"end":{"line":158,"column":20}},{"start":{"line":158,"column":24},"end":{"line":158,"column":73}}],"line":158},"28":{"loc":{"start":{"line":162,"column":7},"end":{"line":180,"column":7}},"type":"binary-expr","locations":[{"start":{"line":162,"column":7},"end":{"line":162,"column":14}},{"start":{"line":163,"column":8},"end":{"line":179,"column":14}}],"line":162},"29":{"loc":{"start":{"line":166,"column":19},"end":{"line":166,"column":42}},"type":"binary-expr","locations":[{"start":{"line":166,"column":19},"end":{"line":166,"column":36}},{"start":{"line":166,"column":40},"end":{"line":166,"column":42}}],"line":166},"30":{"loc":{"start":{"line":176,"column":11},"end":{"line":178,"column":11}},"type":"binary-expr","locations":[{"start":{"line":176,"column":11},"end":{"line":176,"column":30}},{"start":{"line":177,"column":12},"end":{"line":177,"column":69}}],"line":176},"31":{"loc":{"start":{"line":184,"column":35},"end":{"line":184,"column":62}},"type":"binary-expr","locations":[{"start":{"line":184,"column":35},"end":{"line":184,"column":56}},{"start":{"line":184,"column":60},"end":{"line":184,"column":62}}],"line":184},"32":{"loc":{"start":{"line":192,"column":9},"end":{"line":192,"column":75}},"type":"binary-expr","locations":[{"start":{"line":192,"column":9},"end":{"line":192,"column":21}},{"start":{"line":192,"column":25},"end":{"line":192,"column":75}}],"line":192},"33":{"loc":{"start":{"line":195,"column":11},"end":{"line":203,"column":11}},"type":"cond-expr","locations":[{"start":{"line":196,"column":12},"end":{"line":200,"column":14}},{"start":{"line":202,"column":12},"end":{"line":202,"column":83}}],"line":195}},"s":{"0":3,"1":20,"2":20,"3":20,"4":20,"5":20,"6":20,"7":20,"8":20,"9":20,"10":20,"11":7,"12":7,"13":7,"14":7,"15":2,"16":6,"17":2,"18":2,"19":2,"20":2,"21":2,"22":5,"23":3,"24":2,"25":6,"26":2,"27":2,"28":2,"29":2,"30":2,"31":20,"32":12,"33":20,"34":12,"35":12,"36":0,"37":0,"38":12,"39":12,"40":53,"41":12,"42":12,"43":20,"44":2,"45":2,"46":1,"47":1,"48":0,"49":0,"50":0,"51":0,"52":0,"53":0,"54":0,"55":0,"56":1,"57":0,"58":0,"59":0,"60":0,"61":0,"62":0,"63":0,"64":0,"65":0,"66":0,"67":0,"68":0,"69":0,"70":0,"71":0,"72":0,"73":0,"74":1,"75":1,"76":1,"77":1,"78":20,"79":1,"80":1,"81":1,"82":1,"83":1,"84":0,"85":1,"86":20,"87":4,"88":33,"89":2,"90":1},"f":{"0":20,"1":20,"2":20,"3":7,"4":6,"5":2,"6":6,"7":2,"8":12,"9":12,"10":53,"11":2,"12":0,"13":0,"14":0,"15":0,"16":0,"17":0,"18":1,"19":1,"20":1,"21":4,"22":33,"23":2,"24":1},"b":{"0":[18],"1":[0],"2":[20,0],"3":[20,0],"4":[20,14],"5":[7,0],"6":[2,5],"7":[2,0],"8":[3,2],"9":[2,0],"10":[1,1],"11":[1,0],"12":[0,0],"13":[0,1],"14":[0,0],"15":[0,0],"16":[0,0],"17":[0,0],"18":[0,0],"19":[1,0],"20":[0,1],"21":[20,0],"22":[20,15],"23":[20,10],"24":[20,19],"25":[20,11],"26":[20,20],"27":[20,11],"28":[20,14],"29":[14,8],"30":[14,5],"31":[20,18],"32":[20,9],"33":[2,18]},"_coverageSchema":"1a1c01bbd47fc00a2c39e90264f33305004495a9","hash":"f2d5424abc6d806dfd2e2ce9cf41326ab73138cd"}
,"D:\\UADE\\Integracion de aplicaciones\\LDAP-DAII-G3-Front\\src\\components\\admin\\UsersTab.jsx": {"path":"D:\\UADE\\Integracion de aplicaciones\\LDAP-DAII-G3-Front\\src\\components\\admin\\UsersTab.jsx","statementMap":{"0":{"start":{"line":10,"column":17},"end":{"line":137,"column":1}},"1":{"start":{"line":11,"column":28},"end":{"line":11,"column":40}},"2":{"start":{"line":12,"column":40},"end":{"line":12,"column":52}},"3":{"start":{"line":13,"column":58},"end":{"line":13,"column":70}},"4":{"start":{"line":14,"column":32},"end":{"line":14,"column":133}},"5":{"start":{"line":15,"column":24},"end":{"line":15,"column":48}},"6":{"start":{"line":16,"column":22},"end":{"line":16,"column":57}},"7":{"start":{"line":17,"column":19},"end":{"line":17,"column":63}},"8":{"start":{"line":19,"column":2},"end":{"line":57,"column":9}},"9":{"start":{"line":20,"column":18},"end":{"line":20,"column":41}},"10":{"start":{"line":21,"column":20},"end":{"line":23,"column":5}},"11":{"start":{"line":22,"column":6},"end":{"line":22,"column":66}},"12":{"start":{"line":27,"column":21},"end":{"line":55,"column":5}},"13":{"start":{"line":28,"column":6},"end":{"line":54,"column":7}},"14":{"start":{"line":29,"column":8},"end":{"line":40,"column":9}},"15":{"start":{"line":30,"column":60},"end":{"line":34,"column":12}},"16":{"start":{"line":35,"column":10},"end":{"line":35,"column":30}},"17":{"start":{"line":36,"column":10},"end":{"line":36,"column":41}},"18":{"start":{"line":37,"column":10},"end":{"line":37,"column":71}},"19":{"start":{"line":39,"column":10},"end":{"line":39,"column":53}},"20":{"start":{"line":42,"column":8},"end":{"line":53,"column":9}},"21":{"start":{"line":43,"column":41},"end":{"line":46,"column":12}},"22":{"start":{"line":47,"column":10},"end":{"line":47,"column":30}},"23":{"start":{"line":48,"column":10},"end":{"line":48,"column":41}},"24":{"start":{"line":49,"column":10},"end":{"line":49,"column":44}},"25":{"start":{"line":52,"column":10},"end":{"line":52,"column":53}},"26":{"start":{"line":56,"column":4},"end":{"line":56,"column":15}},"27":{"start":{"line":60,"column":23},"end":{"line":82,"column":3}},"28":{"start":{"line":61,"column":19},"end":{"line":61,"column":26}},"29":{"start":{"line":62,"column":4},"end":{"line":79,"column":7}},"30":{"start":{"line":64,"column":8},"end":{"line":71,"column":10}},"31":{"start":{"line":67,"column":29},"end":{"line":67,"column":42}},"32":{"start":{"line":74,"column":24},"end":{"line":74,"column":62}},"33":{"start":{"line":75,"column":8},"end":{"line":75,"column":38}},"34":{"start":{"line":81,"column":4},"end":{"line":81,"column":108}},"35":{"start":{"line":84,"column":21},"end":{"line":106,"column":3}},"36":{"start":{"line":85,"column":19},"end":{"line":85,"column":23}},"37":{"start":{"line":86,"column":4},"end":{"line":103,"column":7}},"38":{"start":{"line":88,"column":8},"end":{"line":95,"column":10}},"39":{"start":{"line":91,"column":32},"end":{"line":91,"column":48}},"40":{"start":{"line":98,"column":28},"end":{"line":98,"column":66}},"41":{"start":{"line":99,"column":8},"end":{"line":99,"column":85}},"42":{"start":{"line":99,"column":35},"end":{"line":99,"column":82}},"43":{"start":{"line":105,"column":4},"end":{"line":105,"column":108}},"44":{"start":{"line":108,"column":23},"end":{"line":122,"column":3}},"45":{"start":{"line":109,"column":4},"end":{"line":121,"column":6}},"46":{"start":{"line":116,"column":8},"end":{"line":116,"column":48}},"47":{"start":{"line":117,"column":8},"end":{"line":117,"column":56}},"48":{"start":{"line":117,"column":37},"end":{"line":117,"column":53}},"49":{"start":{"line":124,"column":2},"end":{"line":136,"column":4}}},"fnMap":{"0":{"name":"(anonymous_0)","decl":{"start":{"line":10,"column":17},"end":{"line":10,"column":18}},"loc":{"start":{"line":10,"column":23},"end":{"line":137,"column":1}},"line":10},"1":{"name":"(anonymous_1)","decl":{"start":{"line":19,"column":12},"end":{"line":19,"column":13}},"loc":{"start":{"line":19,"column":18},"end":{"line":57,"column":3}},"line":19},"2":{"name":"(anonymous_2)","decl":{"start":{"line":21,"column":31},"end":{"line":21,"column":32}},"loc":{"start":{"line":22,"column":6},"end":{"line":22,"column":66}},"line":22},"3":{"name":"(anonymous_3)","decl":{"start":{"line":27,"column":21},"end":{"line":27,"column":22}},"loc":{"start":{"line":27,"column":33},"end":{"line":55,"column":5}},"line":27},"4":{"name":"(anonymous_4)","decl":{"start":{"line":60,"column":23},"end":{"line":60,"column":24}},"loc":{"start":{"line":60,"column":29},"end":{"line":82,"column":3}},"line":60},"5":{"name":"(anonymous_5)","decl":{"start":{"line":63,"column":15},"end":{"line":63,"column":16}},"loc":{"start":{"line":64,"column":8},"end":{"line":71,"column":10}},"line":64},"6":{"name":"(anonymous_6)","decl":{"start":{"line":67,"column":20},"end":{"line":67,"column":21}},"loc":{"start":{"line":67,"column":27},"end":{"line":67,"column":44}},"line":67},"7":{"name":"(anonymous_7)","decl":{"start":{"line":73,"column":16},"end":{"line":73,"column":17}},"loc":{"start":{"line":73,"column":28},"end":{"line":76,"column":7}},"line":73},"8":{"name":"(anonymous_8)","decl":{"start":{"line":84,"column":21},"end":{"line":84,"column":22}},"loc":{"start":{"line":84,"column":31},"end":{"line":106,"column":3}},"line":84},"9":{"name":"(anonymous_9)","decl":{"start":{"line":87,"column":15},"end":{"line":87,"column":16}},"loc":{"start":{"line":88,"column":8},"end":{"line":95,"column":10}},"line":88},"10":{"name":"(anonymous_10)","decl":{"start":{"line":91,"column":20},"end":{"line":91,"column":21}},"loc":{"start":{"line":91,"column":30},"end":{"line":91,"column":50}},"line":91},"11":{"name":"(anonymous_11)","decl":{"start":{"line":97,"column":16},"end":{"line":97,"column":17}},"loc":{"start":{"line":97,"column":28},"end":{"line":100,"column":7}},"line":97},"12":{"name":"(anonymous_12)","decl":{"start":{"line":99,"column":27},"end":{"line":99,"column":28}},"loc":{"start":{"line":99,"column":35},"end":{"line":99,"column":82}},"line":99},"13":{"name":"(anonymous_13)","decl":{"start":{"line":108,"column":23},"end":{"line":108,"column":24}},"loc":{"start":{"line":108,"column":33},"end":{"line":122,"column":3}},"line":108},"14":{"name":"(anonymous_14)","decl":{"start":{"line":115,"column":16},"end":{"line":115,"column":17}},"loc":{"start":{"line":115,"column":28},"end":{"line":118,"column":7}},"line":115},"15":{"name":"(anonymous_15)","decl":{"start":{"line":117,"column":30},"end":{"line":117,"column":31}},"loc":{"start":{"line":117,"column":37},"end":{"line":117,"column":53}},"line":117}},"branchMap":{"0":{"loc":{"start":{"line":22,"column":6},"end":{"line":22,"column":66}},"type":"binary-expr","locations":[{"start":{"line":22,"column":6},"end":{"line":22,"column":33}},{"start":{"line":22,"column":37},"end":{"line":22,"column":66}}],"line":22},"1":{"loc":{"start":{"line":28,"column":6},"end":{"line":54,"column":7}},"type":"if","locations":[{"start":{"line":28,"column":6},"end":{"line":54,"column":7}},{"start":{"line":41,"column":13},"end":{"line":54,"column":7}}],"line":28},"2":{"loc":{"start":{"line":99,"column":35},"end":{"line":99,"column":82}},"type":"cond-expr","locations":[{"start":{"line":99,"column":64},"end":{"line":99,"column":75}},{"start":{"line":99,"column":78},"end":{"line":99,"column":82}}],"line":99}},"s":{"0":2,"1":22,"2":20,"3":20,"4":20,"5":20,"6":20,"7":20,"8":20,"9":12,"10":12,"11":9,"12":9,"13":9,"14":8,"15":8,"16":8,"17":8,"18":8,"19":0,"20":1,"21":1,"22":1,"23":1,"24":1,"25":0,"26":9,"27":20,"28":2,"29":2,"30":0,"31":0,"32":1,"33":1,"34":2,"35":20,"36":2,"37":2,"38":0,"39":0,"40":1,"41":1,"42":0,"43":2,"44":20,"45":1,"46":1,"47":1,"48":0,"49":20},"f":{"0":22,"1":12,"2":9,"3":9,"4":2,"5":0,"6":0,"7":1,"8":2,"9":0,"10":0,"11":1,"12":0,"13":1,"14":1,"15":0},"b":{"0":[9,8],"1":[8,1],"2":[0,0]},"_coverageSchema":"1a1c01bbd47fc00a2c39e90264f33305004495a9","hash":"8a6764889dc8f1176b67259e1a6d9b4e2959a2f5"}
,"D:\\UADE\\Integracion de aplicaciones\\LDAP-DAII-G3-Front\\src\\components\\admin\\UsersTable.jsx": {"path":"D:\\UADE\\Integracion de aplicaciones\\LDAP-DAII-G3-Front\\src\\components\\admin\\UsersTable.jsx","statementMap":{"0":{"start":{"line":1,"column":19},"end":{"line":56,"column":1}},"1":{"start":{"line":4,"column":2},"end":{"line":6,"column":3}},"2":{"start":{"line":5,"column":4},"end":{"line":5,"column":46}},"3":{"start":{"line":8,"column":22},"end":{"line":22,"column":3}},"4":{"start":{"line":9,"column":4},"end":{"line":11,"column":5}},"5":{"start":{"line":10,"column":6},"end":{"line":10,"column":60}},"6":{"start":{"line":13,"column":4},"end":{"line":21,"column":6}},"7":{"start":{"line":16,"column":10},"end":{"line":18,"column":17}},"8":{"start":{"line":25,"column":2},"end":{"line":55,"column":4}},"9":{"start":{"line":40,"column":10},"end":{"line":51,"column":15}},"10":{"start":{"line":46,"column":35},"end":{"line":46,"column":51}},"11":{"start":{"line":49,"column":35},"end":{"line":49,"column":53}}},"fnMap":{"0":{"name":"(anonymous_0)","decl":{"start":{"line":1,"column":19},"end":{"line":1,"column":20}},"loc":{"start":{"line":1,"column":60},"end":{"line":56,"column":1}},"line":1},"1":{"name":"(anonymous_1)","decl":{"start":{"line":8,"column":22},"end":{"line":8,"column":23}},"loc":{"start":{"line":8,"column":33},"end":{"line":22,"column":3}},"line":8},"2":{"name":"(anonymous_2)","decl":{"start":{"line":15,"column":19},"end":{"line":15,"column":20}},"loc":{"start":{"line":16,"column":10},"end":{"line":18,"column":17}},"line":16},"3":{"name":"(anonymous_3)","decl":{"start":{"line":39,"column":19},"end":{"line":39,"column":20}},"loc":{"start":{"line":40,"column":10},"end":{"line":51,"column":15}},"line":40},"4":{"name":"(anonymous_4)","decl":{"start":{"line":46,"column":29},"end":{"line":46,"column":30}},"loc":{"start":{"line":46,"column":35},"end":{"line":46,"column":51}},"line":46},"5":{"name":"(anonymous_5)","decl":{"start":{"line":49,"column":29},"end":{"line":49,"column":30}},"loc":{"start":{"line":49,"column":35},"end":{"line":49,"column":53}},"line":49}},"branchMap":{"0":{"loc":{"start":{"line":4,"column":2},"end":{"line":6,"column":3}},"type":"if","locations":[{"start":{"line":4,"column":2},"end":{"line":6,"column":3}},{"start":{},"end":{}}],"line":4},"1":{"loc":{"start":{"line":4,"column":6},"end":{"line":4,"column":34}},"type":"binary-expr","locations":[{"start":{"line":4,"column":6},"end":{"line":4,"column":12}},{"start":{"line":4,"column":16},"end":{"line":4,"column":34}}],"line":4},"2":{"loc":{"start":{"line":9,"column":4},"end":{"line":11,"column":5}},"type":"if","locations":[{"start":{"line":9,"column":4},"end":{"line":11,"column":5}},{"start":{},"end":{}}],"line":9},"3":{"loc":{"start":{"line":9,"column":8},"end":{"line":9,"column":36}},"type":"binary-expr","locations":[{"start":{"line":9,"column":8},"end":{"line":9,"column":14}},{"start":{"line":9,"column":18},"end":{"line":9,"column":36}}],"line":9},"4":{"loc":{"start":{"line":40,"column":27},"end":{"line":40,"column":47}},"type":"binary-expr","locations":[{"start":{"line":40,"column":27},"end":{"line":40,"column":34}},{"start":{"line":40,"column":38},"end":{"line":40,"column":47}}],"line":40}},"s":{"0":2,"1":7,"2":4,"3":3,"4":6,"5":0,"6":6,"7":6,"8":3,"9":6,"10":1,"11":1},"f":{"0":7,"1":6,"2":6,"3":6,"4":1,"5":1},"b":{"0":[4,3],"1":[7,7],"2":[0,6],"3":[6,6],"4":[6,0]},"_coverageSchema":"1a1c01bbd47fc00a2c39e90264f33305004495a9","hash":"a3359db854b2e254c8a3d3b51fcbc902e087f7af"}
,"D:\\UADE\\Integracion de aplicaciones\\LDAP-DAII-G3-Front\\src\\components\\admin\\validationSchemas\\roleSchema.jsx": {"path":"D:\\UADE\\Integracion de aplicaciones\\LDAP-DAII-G3-Front\\src\\components\\admin\\validationSchemas\\roleSchema.jsx","statementMap":{"0":{"start":{"line":3,"column":26},"end":{"line":32,"column":2}}},"fnMap":{},"branchMap":{},"s":{"0":1},"f":{},"b":{},"_coverageSchema":"1a1c01bbd47fc00a2c39e90264f33305004495a9","hash":"c42e4328f35093e4fa75530a34eb96c06eee76a8"}
,"D:\\UADE\\Integracion de aplicaciones\\LDAP-DAII-G3-Front\\src\\components\\admin\\validationSchemas\\userSchema.jsx": {"path":"D:\\UADE\\Integracion de aplicaciones\\LDAP-DAII-G3-Front\\src\\components\\admin\\validationSchemas\\userSchema.jsx","statementMap":{"0":{"start":{"line":3,"column":26},"end":{"line":47,"column":2}}},"fnMap":{},"branchMap":{},"s":{"0":3},"f":{},"b":{},"_coverageSchema":"1a1c01bbd47fc00a2c39e90264f33305004495a9","hash":"d2ab57335b98234f6b408de58956dc827786a817"}
,"D:\\UADE\\Integracion de aplicaciones\\LDAP-DAII-G3-Front\\src\\components\\context\\ModalContext.jsx": {"path":"D:\\UADE\\Integracion de aplicaciones\\LDAP-DAII-G3-Front\\src\\components\\context\\ModalContext.jsx","statementMap":{"0":{"start":{"line":3,"column":21},"end":{"line":7,"column":2}}},"fnMap":{"0":{"name":"(anonymous_0)","decl":{"start":{"line":4,"column":13},"end":{"line":4,"column":14}},"loc":{"start":{"line":4,"column":19},"end":{"line":4,"column":21}},"line":4},"1":{"name":"(anonymous_1)","decl":{"start":{"line":5,"column":13},"end":{"line":5,"column":14}},"loc":{"start":{"line":5,"column":19},"end":{"line":5,"column":21}},"line":5}},"branchMap":{},"s":{"0":5},"f":{"0":0,"1":0},"b":{},"_coverageSchema":"1a1c01bbd47fc00a2c39e90264f33305004495a9","hash":"96ae6fa12892f60f486a07a66c30fe4e38a01bf5"}
,"D:\\UADE\\Integracion de aplicaciones\\LDAP-DAII-G3-Front\\src\\config\\api.js": {"path":"D:\\UADE\\Integracion de aplicaciones\\LDAP-DAII-G3-Front\\src\\config\\api.js","statementMap":{"0":{"start":{"line":1,"column":23},"end":{"line":1,"column":78}}},"fnMap":{},"branchMap":{},"s":{"0":5},"f":{},"b":{},"_coverageSchema":"1a1c01bbd47fc00a2c39e90264f33305004495a9","hash":"d8b260ae3291b630f42a88cfb24fcbaa4c5d6365"}
,"D:\\UADE\\Integracion de aplicaciones\\LDAP-DAII-G3-Front\\src\\pages\\Admin.jsx": {"path":"D:\\UADE\\Integracion de aplicaciones\\LDAP-DAII-G3-Front\\src\\pages\\Admin.jsx","statementMap":{"0":{"start":{"line":8,"column":14},"end":{"line":51,"column":1}},"1":{"start":{"line":9,"column":36},"end":{"line":9,"column":56}},"2":{"start":{"line":10,"column":19},"end":{"line":10,"column":32}},"3":{"start":{"line":11,"column":22},"end":{"line":11,"column":43}},"4":{"start":{"line":13,"column":23},"end":{"line":16,"column":3}},"5":{"start":{"line":14,"column":4},"end":{"line":14,"column":25}},"6":{"start":{"line":15,"column":4},"end":{"line":15,"column":18}},"7":{"start":{"line":18,"column":2},"end":{"line":50,"column":4}},"8":{"start":{"line":32,"column":25},"end":{"line":32,"column":49}},"9":{"start":{"line":38,"column":25},"end":{"line":38,"column":46}}},"fnMap":{"0":{"name":"(anonymous_0)","decl":{"start":{"line":8,"column":14},"end":{"line":8,"column":15}},"loc":{"start":{"line":8,"column":20},"end":{"line":51,"column":1}},"line":8},"1":{"name":"(anonymous_1)","decl":{"start":{"line":13,"column":23},"end":{"line":13,"column":24}},"loc":{"start":{"line":13,"column":29},"end":{"line":16,"column":3}},"line":13},"2":{"name":"(anonymous_2)","decl":{"start":{"line":32,"column":19},"end":{"line":32,"column":20}},"loc":{"start":{"line":32,"column":25},"end":{"line":32,"column":49}},"line":32},"3":{"name":"(anonymous_3)","decl":{"start":{"line":38,"column":19},"end":{"line":38,"column":20}},"loc":{"start":{"line":38,"column":25},"end":{"line":38,"column":46}},"line":38}},"branchMap":{"0":{"loc":{"start":{"line":31,"column":35},"end":{"line":31,"column":75}},"type":"cond-expr","locations":[{"start":{"line":31,"column":62},"end":{"line":31,"column":70}},{"start":{"line":31,"column":73},"end":{"line":31,"column":75}}],"line":31},"1":{"loc":{"start":{"line":37,"column":35},"end":{"line":37,"column":72}},"type":"cond-expr","locations":[{"start":{"line":37,"column":59},"end":{"line":37,"column":67}},{"start":{"line":37,"column":70},"end":{"line":37,"column":72}}],"line":37},"2":{"loc":{"start":{"line":46,"column":9},"end":{"line":46,"column":49}},"type":"binary-expr","locations":[{"start":{"line":46,"column":9},"end":{"line":46,"column":33}},{"start":{"line":46,"column":37},"end":{"line":46,"column":49}}],"line":46},"3":{"loc":{"start":{"line":47,"column":9},"end":{"line":47,"column":72}},"type":"binary-expr","locations":[{"start":{"line":47,"column":9},"end":{"line":47,"column":30}},{"start":{"line":47,"column":34},"end":{"line":47,"column":72}}],"line":47}},"s":{"0":1,"1":4,"2":3,"3":3,"4":3,"5":0,"6":0,"7":3,"8":0,"9":0},"f":{"0":4,"1":0,"2":0,"3":0},"b":{"0":[3,0],"1":[0,3],"2":[3,3],"3":[3,0]},"_coverageSchema":"1a1c01bbd47fc00a2c39e90264f33305004495a9","hash":"6a2e445e8c55b966d262ed53407302d19b5e3827"}
,"D:\\UADE\\Integracion de aplicaciones\\LDAP-DAII-G3-Front\\src\\pages\\Dashboard.jsx": {"path":"D:\\UADE\\Integracion de aplicaciones\\LDAP-DAII-G3-Front\\src\\pages\\Dashboard.jsx","statementMap":{"0":{"start":{"line":8,"column":15},"end":{"line":8,"column":70}},"1":{"start":{"line":10,"column":18},"end":{"line":150,"column":1}},"2":{"start":{"line":11,"column":28},"end":{"line":11,"column":40}},"3":{"start":{"line":12,"column":36},"end":{"line":12,"column":48}},"4":{"start":{"line":13,"column":38},"end":{"line":13,"column":50}},"5":{"start":{"line":15,"column":19},"end":{"line":15,"column":32}},"6":{"start":{"line":16,"column":22},"end":{"line":16,"column":43}},"7":{"start":{"line":18,"column":2},"end":{"line":23,"column":30}},"8":{"start":{"line":19,"column":4},"end":{"line":21,"column":5}},"9":{"start":{"line":20,"column":6},"end":{"line":20,"column":24}},"10":{"start":{"line":22,"column":4},"end":{"line":22,"column":42}},"11":{"start":{"line":26,"column":24},"end":{"line":30,"column":4}},"12":{"start":{"line":27,"column":21},"end":{"line":27,"column":68}},"13":{"start":{"line":28,"column":22},"end":{"line":28,"column":63}},"14":{"start":{"line":29,"column":4},"end":{"line":29,"column":33}},"15":{"start":{"line":33,"column":19},"end":{"line":36,"column":8}},"16":{"start":{"line":34,"column":4},"end":{"line":34,"column":57}},"17":{"start":{"line":35,"column":4},"end":{"line":35,"column":15}},"18":{"start":{"line":37,"column":18},"end":{"line":37,"column":84}},"19":{"start":{"line":37,"column":67},"end":{"line":37,"column":82}},"20":{"start":{"line":40,"column":20},"end":{"line":43,"column":8}},"21":{"start":{"line":41,"column":4},"end":{"line":41,"column":41}},"22":{"start":{"line":42,"column":4},"end":{"line":42,"column":15}},"23":{"start":{"line":44,"column":19},"end":{"line":44,"column":86}},"24":{"start":{"line":44,"column":69},"end":{"line":44,"column":84}},"25":{"start":{"line":47,"column":24},"end":{"line":47,"column":70}},"26":{"start":{"line":47,"column":53},"end":{"line":47,"column":67}},"27":{"start":{"line":48,"column":16},"end":{"line":48,"column":54}},"28":{"start":{"line":48,"column":45},"end":{"line":48,"column":51}},"29":{"start":{"line":50,"column":2},"end":{"line":149,"column":4}},"30":{"start":{"line":56,"column":51},"end":{"line":56,"column":79}},"31":{"start":{"line":59,"column":12},"end":{"line":59,"column":56}},"32":{"start":{"line":63,"column":52},"end":{"line":63,"column":81}},"33":{"start":{"line":66,"column":12},"end":{"line":66,"column":59}},"34":{"start":{"line":91,"column":44},"end":{"line":91,"column":84}},"35":{"start":{"line":94,"column":16},"end":{"line":94,"column":73}},"36":{"start":{"line":112,"column":44},"end":{"line":112,"column":84}},"37":{"start":{"line":115,"column":16},"end":{"line":115,"column":73}},"38":{"start":{"line":138,"column":14},"end":{"line":143,"column":19}}},"fnMap":{"0":{"name":"(anonymous_0)","decl":{"start":{"line":10,"column":18},"end":{"line":10,"column":19}},"loc":{"start":{"line":10,"column":24},"end":{"line":150,"column":1}},"line":10},"1":{"name":"(anonymous_1)","decl":{"start":{"line":18,"column":12},"end":{"line":18,"column":13}},"loc":{"start":{"line":18,"column":18},"end":{"line":23,"column":3}},"line":18},"2":{"name":"(anonymous_2)","decl":{"start":{"line":26,"column":37},"end":{"line":26,"column":38}},"loc":{"start":{"line":26,"column":44},"end":{"line":30,"column":3}},"line":26},"3":{"name":"(anonymous_3)","decl":{"start":{"line":33,"column":40},"end":{"line":33,"column":41}},"loc":{"start":{"line":33,"column":52},"end":{"line":36,"column":3}},"line":33},"4":{"name":"(anonymous_4)","decl":{"start":{"line":37,"column":47},"end":{"line":37,"column":48}},"loc":{"start":{"line":37,"column":67},"end":{"line":37,"column":82}},"line":37},"5":{"name":"(anonymous_5)","decl":{"start":{"line":40,"column":41},"end":{"line":40,"column":42}},"loc":{"start":{"line":40,"column":53},"end":{"line":43,"column":3}},"line":40},"6":{"name":"(anonymous_6)","decl":{"start":{"line":44,"column":49},"end":{"line":44,"column":50}},"loc":{"start":{"line":44,"column":69},"end":{"line":44,"column":84}},"line":44},"7":{"name":"(anonymous_7)","decl":{"start":{"line":47,"column":46},"end":{"line":47,"column":47}},"loc":{"start":{"line":47,"column":53},"end":{"line":47,"column":67}},"line":47},"8":{"name":"(anonymous_8)","decl":{"start":{"line":48,"column":38},"end":{"line":48,"column":39}},"loc":{"start":{"line":48,"column":45},"end":{"line":48,"column":51}},"line":48},"9":{"name":"(anonymous_9)","decl":{"start":{"line":56,"column":44},"end":{"line":56,"column":45}},"loc":{"start":{"line":56,"column":51},"end":{"line":56,"column":79}},"line":56},"10":{"name":"(anonymous_10)","decl":{"start":{"line":58,"column":29},"end":{"line":58,"column":30}},"loc":{"start":{"line":59,"column":12},"end":{"line":59,"column":56}},"line":59},"11":{"name":"(anonymous_11)","decl":{"start":{"line":63,"column":45},"end":{"line":63,"column":46}},"loc":{"start":{"line":63,"column":52},"end":{"line":63,"column":81}},"line":63},"12":{"name":"(anonymous_12)","decl":{"start":{"line":65,"column":21},"end":{"line":65,"column":22}},"loc":{"start":{"line":66,"column":12},"end":{"line":66,"column":59}},"line":66},"13":{"name":"(anonymous_13)","decl":{"start":{"line":91,"column":21},"end":{"line":91,"column":22}},"loc":{"start":{"line":91,"column":44},"end":{"line":91,"column":84}},"line":91},"14":{"name":"(anonymous_14)","decl":{"start":{"line":93,"column":27},"end":{"line":93,"column":28}},"loc":{"start":{"line":94,"column":16},"end":{"line":94,"column":73}},"line":94},"15":{"name":"(anonymous_15)","decl":{"start":{"line":112,"column":21},"end":{"line":112,"column":22}},"loc":{"start":{"line":112,"column":44},"end":{"line":112,"column":84}},"line":112},"16":{"name":"(anonymous_16)","decl":{"start":{"line":114,"column":28},"end":{"line":114,"column":29}},"loc":{"start":{"line":115,"column":16},"end":{"line":115,"column":73}},"line":115},"17":{"name":"(anonymous_17)","decl":{"start":{"line":137,"column":31},"end":{"line":137,"column":32}},"loc":{"start":{"line":138,"column":14},"end":{"line":143,"column":19}},"line":138}},"branchMap":{"0":{"loc":{"start":{"line":19,"column":4},"end":{"line":21,"column":5}},"type":"if","locations":[{"start":{"line":19,"column":4},"end":{"line":21,"column":5}},{"start":{},"end":{}}],"line":19},"1":{"loc":{"start":{"line":27,"column":21},"end":{"line":27,"column":68}},"type":"cond-expr","locations":[{"start":{"line":27,"column":33},"end":{"line":27,"column":61}},{"start":{"line":27,"column":64},"end":{"line":27,"column":68}}],"line":27},"2":{"loc":{"start":{"line":28,"column":22},"end":{"line":28,"column":63}},"type":"cond-expr","locations":[{"start":{"line":28,"column":35},"end":{"line":28,"column":56}},{"start":{"line":28,"column":59},"end":{"line":28,"column":63}}],"line":28},"3":{"loc":{"start":{"line":29,"column":11},"end":{"line":29,"column":32}},"type":"binary-expr","locations":[{"start":{"line":29,"column":11},"end":{"line":29,"column":19}},{"start":{"line":29,"column":23},"end":{"line":29,"column":32}}],"line":29},"4":{"loc":{"start":{"line":34,"column":27},"end":{"line":34,"column":51}},"type":"binary-expr","locations":[{"start":{"line":34,"column":27},"end":{"line":34,"column":46}},{"start":{"line":34,"column":50},"end":{"line":34,"column":51}}],"line":34},"5":{"loc":{"start":{"line":41,"column":19},"end":{"line":41,"column":35}},"type":"binary-expr","locations":[{"start":{"line":41,"column":19},"end":{"line":41,"column":30}},{"start":{"line":41,"column":34},"end":{"line":41,"column":35}}],"line":41}},"s":{"0":1,"1":1,"2":11,"3":11,"4":11,"5":11,"6":11,"7":11,"8":5,"9":0,"10":5,"11":11,"12":15,"13":15,"14":15,"15":11,"16":12,"17":12,"18":11,"19":8,"20":11,"21":12,"22":12,"23":11,"24":8,"25":11,"26":15,"27":11,"28":15,"29":11,"30":1,"31":10,"32":1,"33":10,"34":8,"35":8,"36":8,"37":8,"38":12},"f":{"0":11,"1":5,"2":15,"3":12,"4":8,"5":12,"6":8,"7":15,"8":15,"9":1,"10":10,"11":1,"12":10,"13":8,"14":8,"15":8,"16":8,"17":12},"b":{"0":[0,5],"1":[3,12],"2":[3,12],"3":[15,14],"4":[12,8],"5":[12,8]},"_coverageSchema":"1a1c01bbd47fc00a2c39e90264f33305004495a9","hash":"e0bfe43b596ef454d92a89bffebbfeb2087209e9"}
,"D:\\UADE\\Integracion de aplicaciones\\LDAP-DAII-G3-Front\\src\\pages\\ForgotPassword.jsx": {"path":"D:\\UADE\\Integracion de aplicaciones\\LDAP-DAII-G3-Front\\src\\pages\\ForgotPassword.jsx","statementMap":{"0":{"start":{"line":12,"column":15},"end":{"line":17,"column":2}},"1":{"start":{"line":19,"column":23},"end":{"line":63,"column":1}},"2":{"start":{"line":20,"column":32},"end":{"line":20,"column":44}},"3":{"start":{"line":25,"column":6},"end":{"line":27,"column":4}},"4":{"start":{"line":29,"column":19},"end":{"line":34,"column":3}},"5":{"start":{"line":30,"column":4},"end":{"line":30,"column":50}},"6":{"start":{"line":31,"column":4},"end":{"line":33,"column":6}},"7":{"start":{"line":36,"column":2},"end":{"line":62,"column":4}}},"fnMap":{"0":{"name":"(anonymous_0)","decl":{"start":{"line":19,"column":23},"end":{"line":19,"column":24}},"loc":{"start":{"line":19,"column":29},"end":{"line":63,"column":1}},"line":19},"1":{"name":"(anonymous_1)","decl":{"start":{"line":29,"column":19},"end":{"line":29,"column":20}},"loc":{"start":{"line":29,"column":35},"end":{"line":34,"column":3}},"line":29}},"branchMap":{"0":{"loc":{"start":{"line":49,"column":9},"end":{"line":53,"column":9}},"type":"binary-expr","locations":[{"start":{"line":49,"column":9},"end":{"line":49,"column":16}},{"start":{"line":50,"column":10},"end":{"line":52,"column":14}}],"line":49}},"s":{"0":1,"1":1,"2":3,"3":3,"4":3,"5":1,"6":1,"7":3},"f":{"0":3,"1":1},"b":{"0":[3,1]},"_coverageSchema":"1a1c01bbd47fc00a2c39e90264f33305004495a9","hash":"814713f468166f808cbdcb6b87c9796f45005f31"}
,"D:\\UADE\\Integracion de aplicaciones\\LDAP-DAII-G3-Front\\src\\pages\\Login.jsx": {"path":"D:\\UADE\\Integracion de aplicaciones\\LDAP-DAII-G3-Front\\src\\pages\\Login.jsx","statementMap":{"0":{"start":{"line":12,"column":15},"end":{"line":18,"column":2}},"1":{"start":{"line":20,"column":14},"end":{"line":91,"column":1}},"2":{"start":{"line":21,"column":19},"end":{"line":21,"column":32}},"3":{"start":{"line":22,"column":28},"end":{"line":22,"column":40}},"4":{"start":{"line":28,"column":6},"end":{"line":30,"column":4}},"5":{"start":{"line":32,"column":19},"end":{"line":48,"column":3}},"6":{"start":{"line":33,"column":4},"end":{"line":47,"column":5}},"7":{"start":{"line":34,"column":6},"end":{"line":34,"column":19}},"8":{"start":{"line":35,"column":35},"end":{"line":35,"column":64}},"9":{"start":{"line":39,"column":8},"end":{"line":39,"column":47}},"10":{"start":{"line":40,"column":8},"end":{"line":40,"column":27}},"11":{"start":{"line":46,"column":6},"end":{"line":46,"column":96}},"12":{"start":{"line":50,"column":2},"end":{"line":90,"column":4}}},"fnMap":{"0":{"name":"(anonymous_0)","decl":{"start":{"line":20,"column":14},"end":{"line":20,"column":15}},"loc":{"start":{"line":20,"column":20},"end":{"line":91,"column":1}},"line":20},"1":{"name":"(anonymous_1)","decl":{"start":{"line":32,"column":19},"end":{"line":32,"column":20}},"loc":{"start":{"line":32,"column":35},"end":{"line":48,"column":3}},"line":32}},"branchMap":{"0":{"loc":{"start":{"line":46,"column":15},"end":{"line":46,"column":94}},"type":"binary-expr","locations":[{"start":{"line":46,"column":15},"end":{"line":46,"column":26}},{"start":{"line":46,"column":30},"end":{"line":46,"column":94}}],"line":46},"1":{"loc":{"start":{"line":72,"column":9},"end":{"line":76,"column":9}},"type":"binary-expr","locations":[{"start":{"line":72,"column":9},"end":{"line":72,"column":14}},{"start":{"line":73,"column":10},"end":{"line":75,"column":14}}],"line":72},"2":{"loc":{"start":{"line":80,"column":11},"end":{"line":80,"column":60}},"type":"cond-expr","locations":[{"start":{"line":80,"column":26},"end":{"line":80,"column":41}},{"start":{"line":80,"column":44},"end":{"line":80,"column":60}}],"line":80}},"s":{"0":1,"1":1,"2":18,"3":18,"4":18,"5":18,"6":4,"7":4,"8":4,"9":3,"10":3,"11":1,"12":18},"f":{"0":18,"1":4},"b":{"0":[1,0],"1":[18,1],"2":[4,14]},"_coverageSchema":"1a1c01bbd47fc00a2c39e90264f33305004495a9","hash":"903ac531b10d938c4d135f84899ff66e4d91ab89"}
,"D:\\UADE\\Integracion de aplicaciones\\LDAP-DAII-G3-Front\\src\\pages\\Register.jsx": {"path":"D:\\UADE\\Integracion de aplicaciones\\LDAP-DAII-G3-Front\\src\\pages\\Register.jsx","statementMap":{"0":{"start":{"line":12,"column":15},"end":{"line":28,"column":2}},"1":{"start":{"line":30,"column":17},"end":{"line":98,"column":1}},"2":{"start":{"line":31,"column":19},"end":{"line":31,"column":32}},"3":{"start":{"line":32,"column":28},"end":{"line":32,"column":40}},"4":{"start":{"line":37,"column":6},"end":{"line":39,"column":4}},"5":{"start":{"line":41,"column":19},"end":{"line":49,"column":3}},"6":{"start":{"line":42,"column":4},"end":{"line":48,"column":5}},"7":{"start":{"line":43,"column":6},"end":{"line":43,"column":39}},"8":{"start":{"line":44,"column":6},"end":{"line":44,"column":67}},"9":{"start":{"line":45,"column":6},"end":{"line":45,"column":20}},"10":{"start":{"line":47,"column":6},"end":{"line":47,"column":28}},"11":{"start":{"line":51,"column":2},"end":{"line":97,"column":4}}},"fnMap":{"0":{"name":"(anonymous_0)","decl":{"start":{"line":30,"column":17},"end":{"line":30,"column":18}},"loc":{"start":{"line":30,"column":23},"end":{"line":98,"column":1}},"line":30},"1":{"name":"(anonymous_1)","decl":{"start":{"line":41,"column":19},"end":{"line":41,"column":20}},"loc":{"start":{"line":41,"column":35},"end":{"line":49,"column":3}},"line":41}},"branchMap":{"0":{"loc":{"start":{"line":84,"column":9},"end":{"line":88,"column":9}},"type":"binary-expr","locations":[{"start":{"line":84,"column":9},"end":{"line":84,"column":14}},{"start":{"line":85,"column":10},"end":{"line":87,"column":14}}],"line":84}},"s":{"0":1,"1":1,"2":5,"3":5,"4":5,"5":5,"6":1,"7":1,"8":0,"9":0,"10":1,"11":5},"f":{"0":5,"1":1},"b":{"0":[5,1]},"_coverageSchema":"1a1c01bbd47fc00a2c39e90264f33305004495a9","hash":"78a9cbd9911581427691e51c66e75d90c14713b1"}
,"D:\\UADE\\Integracion de aplicaciones\\LDAP-DAII-G3-Front\\src\\services\\organizationService.js": {"path":"D:\\UADE\\Integracion de aplicaciones\\LDAP-DAII-G3-Front\\src\\services\\organizationService.js","statementMap":{"0":{"start":{"line":3,"column":35},"end":{"line":20,"column":1}},"1":{"start":{"line":5,"column":4},"end":{"line":18,"column":5}},"2":{"start":{"line":6,"column":20},"end":{"line":6,"column":53}},"3":{"start":{"line":7,"column":23},"end":{"line":13,"column":8}},"4":{"start":{"line":14,"column":6},"end":{"line":14,"column":35}},"5":{"start":{"line":16,"column":6},"end":{"line":16,"column":65}},"6":{"start":{"line":17,"column":6},"end":{"line":17,"column":18}}},"fnMap":{"0":{"name":"(anonymous_0)","decl":{"start":{"line":4,"column":20},"end":{"line":4,"column":21}},"loc":{"start":{"line":4,"column":32},"end":{"line":19,"column":3}},"line":4}},"branchMap":{},"s":{"0":3,"1":3,"2":3,"3":3,"4":2,"5":1,"6":1},"f":{"0":3},"b":{},"_coverageSchema":"1a1c01bbd47fc00a2c39e90264f33305004495a9","hash":"f4bbff221b8a34b850eed104676b2df556e46113"}
,"D:\\UADE\\Integracion de aplicaciones\\LDAP-DAII-G3-Front\\src\\services\\roleService.js": {"path":"D:\\UADE\\Integracion de aplicaciones\\LDAP-DAII-G3-Front\\src\\services\\roleService.js","statementMap":{"0":{"start":{"line":1,"column":16},"end":{"line":1,"column":74}},"1":{"start":{"line":3,"column":27},"end":{"line":140,"column":1}},"2":{"start":{"line":9,"column":4},"end":{"line":26,"column":5}},"3":{"start":{"line":10,"column":23},"end":{"line":16,"column":8}},"4":{"start":{"line":18,"column":6},"end":{"line":20,"column":7}},"5":{"start":{"line":19,"column":8},"end":{"line":19,"column":72}},"6":{"start":{"line":22,"column":6},"end":{"line":22,"column":35}},"7":{"start":{"line":24,"column":6},"end":{"line":24,"column":49}},"8":{"start":{"line":25,"column":6},"end":{"line":25,"column":18}},"9":{"start":{"line":30,"column":6},"end":{"line":44,"column":7}},"10":{"start":{"line":31,"column":22},"end":{"line":31,"column":55}},"11":{"start":{"line":32,"column":25},"end":{"line":38,"column":10}},"12":{"start":{"line":39,"column":8},"end":{"line":39,"column":68}},"13":{"start":{"line":39,"column":26},"end":{"line":39,"column":68}},"14":{"start":{"line":40,"column":8},"end":{"line":40,"column":37}},"15":{"start":{"line":42,"column":8},"end":{"line":42,"column":48}},"16":{"start":{"line":43,"column":8},"end":{"line":43,"column":20}},"17":{"start":{"line":57,"column":4},"end":{"line":81,"column":5}},"18":{"start":{"line":58,"column":23},"end":{"line":71,"column":8}},"19":{"start":{"line":73,"column":6},"end":{"line":75,"column":7}},"20":{"start":{"line":74,"column":8},"end":{"line":74,"column":71}},"21":{"start":{"line":77,"column":6},"end":{"line":77,"column":35}},"22":{"start":{"line":79,"column":6},"end":{"line":79,"column":51}},"23":{"start":{"line":80,"column":6},"end":{"line":80,"column":18}},"24":{"start":{"line":91,"column":4},"end":{"line":112,"column":5}},"25":{"start":{"line":92,"column":23},"end":{"line":102,"column":8}},"26":{"start":{"line":104,"column":6},"end":{"line":106,"column":7}},"27":{"start":{"line":105,"column":8},"end":{"line":105,"column":71}},"28":{"start":{"line":108,"column":6},"end":{"line":108,"column":35}},"29":{"start":{"line":110,"column":6},"end":{"line":110,"column":51}},"30":{"start":{"line":111,"column":6},"end":{"line":111,"column":18}},"31":{"start":{"line":121,"column":4},"end":{"line":138,"column":5}},"32":{"start":{"line":122,"column":23},"end":{"line":128,"column":8}},"33":{"start":{"line":130,"column":6},"end":{"line":132,"column":7}},"34":{"start":{"line":131,"column":8},"end":{"line":131,"column":71}},"35":{"start":{"line":134,"column":6},"end":{"line":134,"column":35}},"36":{"start":{"line":136,"column":6},"end":{"line":136,"column":51}},"37":{"start":{"line":137,"column":6},"end":{"line":137,"column":18}}},"fnMap":{"0":{"name":"(anonymous_0)","decl":{"start":{"line":8,"column":12},"end":{"line":8,"column":13}},"loc":{"start":{"line":8,"column":24},"end":{"line":27,"column":3}},"line":8},"1":{"name":"(anonymous_1)","decl":{"start":{"line":29,"column":26},"end":{"line":29,"column":27}},"loc":{"start":{"line":29,"column":50},"end":{"line":45,"column":5}},"line":29},"2":{"name":"(anonymous_2)","decl":{"start":{"line":56,"column":14},"end":{"line":56,"column":15}},"loc":{"start":{"line":56,"column":34},"end":{"line":82,"column":3}},"line":56},"3":{"name":"(anonymous_3)","decl":{"start":{"line":90,"column":14},"end":{"line":90,"column":15}},"loc":{"start":{"line":90,"column":42},"end":{"line":113,"column":3}},"line":90},"4":{"name":"(anonymous_4)","decl":{"start":{"line":120,"column":14},"end":{"line":120,"column":15}},"loc":{"start":{"line":120,"column":32},"end":{"line":139,"column":3}},"line":120}},"branchMap":{"0":{"loc":{"start":{"line":18,"column":6},"end":{"line":20,"column":7}},"type":"if","locations":[{"start":{"line":18,"column":6},"end":{"line":20,"column":7}},{"start":{},"end":{}}],"line":18},"1":{"loc":{"start":{"line":39,"column":8},"end":{"line":39,"column":68}},"type":"if","locations":[{"start":{"line":39,"column":8},"end":{"line":39,"column":68}},{"start":{},"end":{}}],"line":39},"2":{"loc":{"start":{"line":73,"column":6},"end":{"line":75,"column":7}},"type":"if","locations":[{"start":{"line":73,"column":6},"end":{"line":75,"column":7}},{"start":{},"end":{}}],"line":73},"3":{"loc":{"start":{"line":104,"column":6},"end":{"line":106,"column":7}},"type":"if","locations":[{"start":{"line":104,"column":6},"end":{"line":106,"column":7}},{"start":{},"end":{}}],"line":104},"4":{"loc":{"start":{"line":130,"column":6},"end":{"line":132,"column":7}},"type":"if","locations":[{"start":{"line":130,"column":6},"end":{"line":132,"column":7}},{"start":{},"end":{}}],"line":130}},"s":{"0":3,"1":3,"2":2,"3":2,"4":2,"5":1,"6":1,"7":1,"8":1,"9":2,"10":2,"11":2,"12":2,"13":1,"14":1,"15":1,"16":1,"17":2,"18":2,"19":2,"20":1,"21":1,"22":1,"23":1,"24":2,"25":2,"26":2,"27":1,"28":1,"29":1,"30":1,"31":2,"32":2,"33":2,"34":1,"35":1,"36":1,"37":1},"f":{"0":2,"1":2,"2":2,"3":2,"4":2},"b":{"0":[1,1],"1":[1,1],"2":[1,1],"3":[1,1],"4":[1,1]},"_coverageSchema":"1a1c01bbd47fc00a2c39e90264f33305004495a9","hash":"74265f0302bd7a154dad71322d90fb721ef38686"}
,"D:\\UADE\\Integracion de aplicaciones\\LDAP-DAII-G3-Front\\src\\services\\userService.js": {"path":"D:\\UADE\\Integracion de aplicaciones\\LDAP-DAII-G3-Front\\src\\services\\userService.js","statementMap":{"0":{"start":{"line":3,"column":27},"end":{"line":128,"column":1}},"1":{"start":{"line":6,"column":2},"end":{"line":20,"column":3}},"2":{"start":{"line":7,"column":18},"end":{"line":7,"column":51}},"3":{"start":{"line":8,"column":21},"end":{"line":14,"column":6}},"4":{"start":{"line":15,"column":4},"end":{"line":15,"column":66}},"5":{"start":{"line":15,"column":22},"end":{"line":15,"column":66}},"6":{"start":{"line":16,"column":4},"end":{"line":16,"column":33}},"7":{"start":{"line":18,"column":4},"end":{"line":18,"column":43}},"8":{"start":{"line":19,"column":4},"end":{"line":19,"column":16}},"9":{"start":{"line":25,"column":4},"end":{"line":39,"column":5}},"10":{"start":{"line":26,"column":20},"end":{"line":26,"column":53}},"11":{"start":{"line":27,"column":23},"end":{"line":33,"column":8}},"12":{"start":{"line":34,"column":6},"end":{"line":34,"column":69}},"13":{"start":{"line":34,"column":24},"end":{"line":34,"column":69}},"14":{"start":{"line":35,"column":6},"end":{"line":35,"column":35}},"15":{"start":{"line":37,"column":6},"end":{"line":37,"column":46}},"16":{"start":{"line":38,"column":6},"end":{"line":38,"column":18}},"17":{"start":{"line":43,"column":4},"end":{"line":57,"column":5}},"18":{"start":{"line":44,"column":20},"end":{"line":44,"column":53}},"19":{"start":{"line":45,"column":23},"end":{"line":51,"column":8}},"20":{"start":{"line":52,"column":6},"end":{"line":52,"column":69}},"21":{"start":{"line":52,"column":24},"end":{"line":52,"column":69}},"22":{"start":{"line":53,"column":6},"end":{"line":53,"column":35}},"23":{"start":{"line":55,"column":6},"end":{"line":55,"column":46}},"24":{"start":{"line":56,"column":6},"end":{"line":56,"column":18}},"25":{"start":{"line":61,"column":4},"end":{"line":87,"column":5}},"26":{"start":{"line":62,"column":20},"end":{"line":62,"column":53}},"27":{"start":{"line":63,"column":26},"end":{"line":63,"column":76}},"28":{"start":{"line":64,"column":27},"end":{"line":64,"column":83}},"29":{"start":{"line":65,"column":31},"end":{"line":65,"column":70}},"30":{"start":{"line":66,"column":23},"end":{"line":66,"column":101}},"31":{"start":{"line":67,"column":25},"end":{"line":73,"column":7}},"32":{"start":{"line":74,"column":23},"end":{"line":82,"column":8}},"33":{"start":{"line":83,"column":6},"end":{"line":83,"column":35}},"34":{"start":{"line":85,"column":6},"end":{"line":85,"column":48}},"35":{"start":{"line":86,"column":6},"end":{"line":86,"column":18}},"36":{"start":{"line":91,"column":4},"end":{"line":107,"column":5}},"37":{"start":{"line":92,"column":20},"end":{"line":92,"column":53}},"38":{"start":{"line":93,"column":23},"end":{"line":101,"column":8}},"39":{"start":{"line":102,"column":6},"end":{"line":102,"column":71}},"40":{"start":{"line":102,"column":24},"end":{"line":102,"column":71}},"41":{"start":{"line":103,"column":6},"end":{"line":103,"column":35}},"42":{"start":{"line":105,"column":6},"end":{"line":105,"column":48}},"43":{"start":{"line":106,"column":6},"end":{"line":106,"column":18}},"44":{"start":{"line":111,"column":4},"end":{"line":126,"column":5}},"45":{"start":{"line":112,"column":20},"end":{"line":112,"column":53}},"46":{"start":{"line":113,"column":23},"end":{"line":120,"column":8}},"47":{"start":{"line":121,"column":6},"end":{"line":121,"column":69}},"48":{"start":{"line":121,"column":24},"end":{"line":121,"column":69}},"49":{"start":{"line":122,"column":6},"end":{"line":122,"column":18}},"50":{"start":{"line":124,"column":6},"end":{"line":124,"column":48}},"51":{"start":{"line":125,"column":6},"end":{"line":125,"column":18}}},"fnMap":{"0":{"name":"(anonymous_0)","decl":{"start":{"line":5,"column":11},"end":{"line":5,"column":12}},"loc":{"start":{"line":5,"column":27},"end":{"line":21,"column":1}},"line":5},"1":{"name":"(anonymous_1)","decl":{"start":{"line":24,"column":12},"end":{"line":24,"column":13}},"loc":{"start":{"line":24,"column":24},"end":{"line":40,"column":3}},"line":24},"2":{"name":"(anonymous_2)","decl":{"start":{"line":42,"column":26},"end":{"line":42,"column":27}},"loc":{"start":{"line":42,"column":50},"end":{"line":58,"column":3}},"line":42},"3":{"name":"(anonymous_3)","decl":{"start":{"line":60,"column":14},"end":{"line":60,"column":15}},"loc":{"start":{"line":60,"column":30},"end":{"line":88,"column":3}},"line":60},"4":{"name":"(anonymous_4)","decl":{"start":{"line":90,"column":14},"end":{"line":90,"column":15}},"loc":{"start":{"line":90,"column":30},"end":{"line":108,"column":3}},"line":90},"5":{"name":"(anonymous_5)","decl":{"start":{"line":110,"column":14},"end":{"line":110,"column":15}},"loc":{"start":{"line":110,"column":30},"end":{"line":127,"column":3}},"line":110}},"branchMap":{"0":{"loc":{"start":{"line":15,"column":4},"end":{"line":15,"column":66}},"type":"if","locations":[{"start":{"line":15,"column":4},"end":{"line":15,"column":66}},{"start":{},"end":{}}],"line":15},"1":{"loc":{"start":{"line":34,"column":6},"end":{"line":34,"column":69}},"type":"if","locations":[{"start":{"line":34,"column":6},"end":{"line":34,"column":69}},{"start":{},"end":{}}],"line":34},"2":{"loc":{"start":{"line":52,"column":6},"end":{"line":52,"column":69}},"type":"if","locations":[{"start":{"line":52,"column":6},"end":{"line":52,"column":69}},{"start":{},"end":{}}],"line":52},"3":{"loc":{"start":{"line":63,"column":26},"end":{"line":63,"column":76}},"type":"binary-expr","locations":[{"start":{"line":63,"column":26},"end":{"line":63,"column":70}},{"start":{"line":63,"column":74},"end":{"line":63,"column":76}}],"line":63},"4":{"loc":{"start":{"line":64,"column":27},"end":{"line":64,"column":83}},"type":"binary-expr","locations":[{"start":{"line":64,"column":27},"end":{"line":64,"column":44}},{"start":{"line":64,"column":48},"end":{"line":64,"column":72}},{"start":{"line":64,"column":76},"end":{"line":64,"column":83}}],"line":64},"5":{"loc":{"start":{"line":65,"column":31},"end":{"line":65,"column":70}},"type":"binary-expr","locations":[{"start":{"line":65,"column":31},"end":{"line":65,"column":52}},{"start":{"line":65,"column":56},"end":{"line":65,"column":70}}],"line":65},"6":{"loc":{"start":{"line":66,"column":23},"end":{"line":66,"column":101}},"type":"binary-expr","locations":[{"start":{"line":66,"column":23},"end":{"line":66,"column":36}},{"start":{"line":66,"column":40},"end":{"line":66,"column":101}}],"line":66},"7":{"loc":{"start":{"line":66,"column":43},"end":{"line":66,"column":68}},"type":"binary-expr","locations":[{"start":{"line":66,"column":43},"end":{"line":66,"column":58}},{"start":{"line":66,"column":62},"end":{"line":66,"column":68}}],"line":66},"8":{"loc":{"start":{"line":66,"column":71},"end":{"line":66,"column":95}},"type":"binary-expr","locations":[{"start":{"line":66,"column":71},"end":{"line":66,"column":85}},{"start":{"line":66,"column":89},"end":{"line":66,"column":95}}],"line":66},"9":{"loc":{"start":{"line":102,"column":6},"end":{"line":102,"column":71}},"type":"if","locations":[{"start":{"line":102,"column":6},"end":{"line":102,"column":71}},{"start":{},"end":{}}],"line":102},"10":{"loc":{"start":{"line":121,"column":6},"end":{"line":121,"column":69}},"type":"if","locations":[{"start":{"line":121,"column":6},"end":{"line":121,"column":69}},{"start":{},"end":{}}],"line":121}},"s":{"0":3,"1":3,"2":3,"3":3,"4":2,"5":1,"6":1,"7":2,"8":2,"9":3,"10":3,"11":3,"12":2,"13":1,"14":1,"15":2,"16":2,"17":3,"18":3,"19":3,"20":2,"21":1,"22":1,"23":2,"24":2,"25":4,"26":4,"27":4,"28":4,"29":4,"30":4,"31":4,"32":4,"33":3,"34":1,"35":1,"36":3,"37":3,"38":3,"39":2,"40":1,"41":1,"42":2,"43":2,"44":3,"45":3,"46":3,"47":2,"48":1,"49":1,"50":2,"51":2},"f":{"0":3,"1":3,"2":3,"3":4,"4":3,"5":3},"b":{"0":[1,1],"1":[1,1],"2":[1,1],"3":[4,1],"4":[4,4,1],"5":[4,4],"6":[4,4],"7":[4,2],"8":[4,3],"9":[1,1],"10":[1,1]},"_coverageSchema":"1a1c01bbd47fc00a2c39e90264f33305004495a9","hash":"852e6268d975bfac0c63cb70debc018ad13c8166"}
}
