TN:
SF:src\components\AuthLayout.jsx
FN:4,(anonymous_0)
FNF:1
FNH:1
FNDA:26,(anonymous_0)
DA:4,3
DA:5,26
LF:2
LH:2
BRF:0
BRH:0
end_of_record
TN:
SF:src\components\Button.jsx
FN:4,(anonymous_0)
FNF:1
FNH:1
FNDA:26,(anonymous_0)
DA:4,3
DA:5,26
LF:2
LH:2
BRF:0
BRH:0
end_of_record
TN:
SF:src\components\FormInput.jsx
FN:5,(anonymous_0)
FNF:1
FNH:1
FNDA:59,(anonymous_0)
DA:5,3
DA:6,59
LF:2
LH:2
BRDA:5,0,0,0
BRDA:18,1,0,59
BRDA:18,1,1,0
BRF:3
BRH:1
end_of_record
TN:
SF:src\pages\Admin.jsx
FN:8,(anonymous_0)
FN:17,(anonymous_1)
FN:21,(anonymous_2)
FN:32,(anonymous_3)
FN:34,(anonymous_4)
FN:38,(anonymous_5)
FN:40,(anonymous_6)
FN:43,(anonymous_7)
FN:50,(anonymous_8)
FN:55,(anonymous_9)
FN:71,(anonymous_10)
FN:73,(anonymous_11)
FN:88,(anonymous_12)
FN:94,(anonymous_13)
FN:103,(anonymous_14)
FN:109,(anonymous_15)
FN:140,(anonymous_16)
FN:147,(anonymous_17)
FN:160,(anonymous_18)
FN:176,(anonymous_19)
FN:190,(anonymous_20)
FN:206,(anonymous_21)
FN:213,(anonymous_22)
FN:220,(anonymous_23)
FNF:24
FNH:20
FNDA:22,(anonymous_0)
FNDA:6,(anonymous_1)
FNDA:1,(anonymous_2)
FNDA:1,(anonymous_3)
FNDA:1,(anonymous_4)
FNDA:1,(anonymous_5)
FNDA:1,(anonymous_6)
FNDA:1,(anonymous_7)
FNDA:16,(anonymous_8)
FNDA:1,(anonymous_9)
FNDA:1,(anonymous_10)
FNDA:16,(anonymous_11)
FNDA:1,(anonymous_12)
FNDA:1,(anonymous_13)
FNDA:1,(anonymous_14)
FNDA:0,(anonymous_15)
FNDA:16,(anonymous_16)
FNDA:1,(anonymous_17)
FNDA:0,(anonymous_18)
FNDA:0,(anonymous_19)
FNDA:0,(anonymous_20)
FNDA:1,(anonymous_21)
FNDA:1,(anonymous_22)
FNDA:1,(anonymous_23)
DA:8,1
DA:9,22
DA:10,22
DA:11,22
DA:12,22
DA:14,22
DA:15,22
DA:17,22
DA:18,6
DA:21,22
DA:22,1
DA:24,1
DA:25,1
DA:27,1
DA:28,1
DA:29,1
DA:32,22
DA:33,1
DA:34,1
DA:35,1
DA:38,22
DA:39,1
DA:40,1
DA:43,22
DA:44,1
DA:45,1
DA:49,22
DA:50,16
DA:54,22
DA:55,1
DA:58,22
DA:71,1
DA:74,16
DA:88,1
DA:94,1
DA:103,1
DA:109,0
DA:141,16
DA:148,1
DA:161,0
DA:177,0
DA:191,0
DA:206,1
DA:213,1
DA:220,1
LF:45
LH:41
BRDA:24,0,0,0
BRDA:24,0,1,1
BRDA:24,1,0,1
BRDA:24,1,1,1
BRDA:25,2,0,0
BRDA:25,2,1,1
BRDA:25,3,0,1
BRDA:25,3,1,1
BRDA:34,4,0,1
BRDA:34,4,1,0
BRDA:49,5,0,22
BRDA:49,5,1,0
BRDA:54,6,0,1
BRDA:54,6,1,21
BRDA:54,7,0,22
BRDA:54,7,1,22
BRDA:69,8,0,22
BRDA:69,8,1,22
BRDA:98,9,0,22
BRDA:98,9,1,22
BRDA:120,10,0,22
BRDA:120,10,1,22
BRDA:134,11,0,22
BRDA:134,11,1,22
BRDA:143,12,0,2
BRDA:143,12,1,14
BRDA:156,13,0,2
BRDA:156,13,1,14
BRDA:170,14,0,16
BRDA:170,14,1,16
BRDA:172,15,0,2
BRDA:172,15,1,14
BRDA:187,16,0,2
BRDA:187,16,1,14
BRDA:203,17,0,2
BRDA:203,17,1,14
BRF:36
BRH:32
end_of_record
TN:
SF:src\pages\Dashboard.jsx
FN:10,(anonymous_0)
FN:18,(anonymous_1)
FN:26,(anonymous_2)
FN:33,(anonymous_3)
FN:37,(anonymous_4)
FN:40,(anonymous_5)
FN:44,(anonymous_6)
FN:47,(anonymous_7)
FN:48,(anonymous_8)
FN:56,(anonymous_9)
FN:58,(anonymous_10)
FN:63,(anonymous_11)
FN:65,(anonymous_12)
FN:91,(anonymous_13)
FN:93,(anonymous_14)
FN:112,(anonymous_15)
FN:114,(anonymous_16)
FN:137,(anonymous_17)
FNF:18
FNH:18
FNDA:8,(anonymous_0)
FNDA:3,(anonymous_1)
FNDA:15,(anonymous_2)
FNDA:12,(anonymous_3)
FNDA:8,(anonymous_4)
FNDA:12,(anonymous_5)
FNDA:8,(anonymous_6)
FNDA:15,(anonymous_7)
FNDA:15,(anonymous_8)
FNDA:1,(anonymous_9)
FNDA:10,(anonymous_10)
FNDA:1,(anonymous_11)
FNDA:10,(anonymous_12)
FNDA:12,(anonymous_13)
FNDA:8,(anonymous_14)
FNDA:12,(anonymous_15)
FNDA:8,(anonymous_16)
FNDA:12,(anonymous_17)
DA:8,1
DA:10,1
DA:11,8
DA:12,8
DA:13,8
DA:15,8
DA:16,8
DA:18,8
DA:19,3
DA:20,0
DA:22,3
DA:26,8
DA:27,15
DA:28,15
DA:29,15
DA:33,8
DA:34,12
DA:35,12
DA:37,8
DA:40,8
DA:41,12
DA:42,12
DA:44,8
DA:47,15
DA:48,15
DA:50,8
DA:56,1
DA:59,10
DA:63,1
DA:66,10
DA:91,12
DA:94,8
DA:112,12
DA:115,8
DA:138,12
LF:35
LH:34
BRDA:19,0,0,0
BRDA:19,0,1,3
BRDA:27,1,0,3
BRDA:27,1,1,12
BRDA:28,2,0,3
BRDA:28,2,1,12
BRDA:29,3,0,15
BRDA:29,3,1,14
BRDA:34,4,0,12
BRDA:34,4,1,8
BRDA:41,5,0,12
BRDA:41,5,1,8
BRF:12
BRH:11
end_of_record
TN:
SF:src\pages\ForgotPassword.jsx
FN:19,(anonymous_0)
FN:29,(anonymous_1)
FNF:2
FNH:2
FNDA:3,(anonymous_0)
FNDA:1,(anonymous_1)
DA:12,1
DA:19,1
DA:20,3
DA:25,3
DA:29,3
DA:30,1
DA:31,1
DA:36,3
LF:8
LH:8
BRDA:49,0,0,3
BRDA:49,0,1,1
BRF:2
BRH:2
end_of_record
TN:
SF:src\pages\Login.jsx
FN:20,(anonymous_0)
FN:32,(anonymous_1)
FNF:2
FNH:2
FNDA:18,(anonymous_0)
FNDA:4,(anonymous_1)
DA:12,1
DA:20,1
DA:21,18
DA:22,18
DA:28,18
DA:32,18
DA:33,4
DA:34,4
DA:37,3
DA:38,2
DA:40,1
DA:43,1
DA:47,18
LF:13
LH:13
BRDA:37,0,0,2
BRDA:37,0,1,1
BRDA:37,1,0,3
BRDA:37,1,1,2
BRDA:69,2,0,18
BRDA:69,2,1,1
BRDA:77,3,0,4
BRDA:77,3,1,14
BRF:8
BRH:8
end_of_record
TN:
SF:src\pages\Register.jsx
FN:30,(anonymous_0)
FN:41,(anonymous_1)
FNF:2
FNH:2
FNDA:5,(anonymous_0)
FNDA:1,(anonymous_1)
DA:12,1
DA:30,1
DA:31,5
DA:32,5
DA:37,5
DA:41,5
DA:42,1
DA:43,1
DA:44,0
DA:45,0
DA:47,1
DA:51,5
LF:12
LH:10
BRDA:84,0,0,5
BRDA:84,0,1,1
BRF:2
BRH:2
end_of_record
