TN:
SF:src\components\AuthLayout.jsx
FN:4,(anonymous_0)
FNF:1
FNH:1
FNDA:26,(anonymous_0)
DA:4,3
DA:5,26
LF:2
LH:2
BRF:0
BRH:0
end_of_record
TN:
SF:src\components\Button.jsx
FN:4,(anonymous_0)
FNF:1
FNH:1
FNDA:26,(anonymous_0)
DA:4,3
DA:5,26
LF:2
LH:2
BRF:0
BRH:0
end_of_record
TN:
SF:src\components\FormInput.jsx
FN:5,(anonymous_0)
FNF:1
FNH:1
FNDA:64,(anonymous_0)
DA:5,4
DA:6,64
LF:2
LH:2
BRDA:5,0,0,4
BRDA:18,1,0,64
BRDA:18,1,1,2
BRF:3
BRH:3
end_of_record
TN:
SF:src\components\admin\RoleFormModalContent.jsx
FN:5,(anonymous_0)
FN:16,(anonymous_1)
FN:24,(anonymous_2)
FN:28,(anonymous_3)
FN:35,(anonymous_4)
FN:43,(anonymous_5)
FN:85,(anonymous_6)
FNF:7
FNH:7
FNDA:21,(anonymous_0)
FNDA:9,(anonymous_1)
FNDA:18,(anonymous_2)
FNDA:18,(anonymous_3)
FNDA:4,(anonymous_4)
FNDA:1,(anonymous_5)
FNDA:4,(anonymous_6)
DA:5,2
DA:6,21
DA:8,21
DA:14,21
DA:16,21
DA:17,9
DA:24,21
DA:25,18
DA:28,21
DA:29,18
DA:30,18
DA:31,16
DA:32,16
DA:34,2
DA:35,2
DA:36,4
DA:38,2
DA:39,2
DA:43,21
DA:44,1
DA:45,1
DA:46,1
DA:47,1
DA:50,21
DA:86,4
LF:25
LH:25
BRDA:5,0,0,0
BRDA:9,1,0,21
BRDA:9,1,1,14
BRDA:10,2,0,21
BRDA:10,2,1,21
BRDA:11,3,0,21
BRDA:11,3,1,21
BRDA:18,4,0,9
BRDA:18,4,1,6
BRDA:19,5,0,9
BRDA:19,5,1,9
BRDA:20,6,0,9
BRDA:20,6,1,9
BRDA:47,7,0,1
BRDA:47,7,1,0
BRDA:55,8,0,21
BRDA:55,8,1,2
BRDA:64,9,0,21
BRDA:64,9,1,1
BRDA:75,10,0,21
BRDA:75,10,1,1
BRDA:77,11,0,14
BRDA:77,11,1,7
BRDA:81,12,0,14
BRDA:81,12,1,14
BRDA:91,13,0,14
BRDA:91,13,1,0
BRF:27
BRH:24
end_of_record
TN:
SF:src\components\admin\RolesTab.jsx
FN:9,(anonymous_0)
FN:18,(anonymous_1)
FN:19,(anonymous_2)
FN:24,(anonymous_3)
FN:51,(anonymous_4)
FN:55,(anonymous_5)
FN:60,(anonymous_6)
FN:65,(anonymous_7)
FN:89,(anonymous_8)
FN:96,(anonymous_9)
FN:99,(anonymous_10)
FN:99,(anonymous_11)
FNF:12
FNH:8
FNDA:14,(anonymous_0)
FNDA:5,(anonymous_1)
FNDA:5,(anonymous_2)
FNDA:5,(anonymous_3)
FNDA:0,(anonymous_4)
FNDA:0,(anonymous_5)
FNDA:0,(anonymous_6)
FNDA:0,(anonymous_7)
FNDA:2,(anonymous_8)
FNDA:2,(anonymous_9)
FNDA:1,(anonymous_10)
FNDA:1,(anonymous_11)
DA:9,2
DA:10,14
DA:11,14
DA:12,14
DA:13,14
DA:14,14
DA:15,14
DA:16,14
DA:18,14
DA:19,5
DA:20,5
DA:23,5
DA:24,5
DA:26,5
DA:28,5
DA:30,5
DA:35,4
DA:36,4
DA:39,0
DA:40,0
DA:41,0
DA:44,1
DA:48,5
DA:51,14
DA:52,0
DA:54,0
DA:56,0
DA:60,0
DA:66,0
DA:67,0
DA:73,0
DA:74,0
DA:78,0
DA:80,0
DA:86,0
DA:89,14
DA:90,2
DA:97,2
DA:98,2
DA:99,1
DA:101,1
DA:109,14
LF:42
LH:28
BRDA:23,0,0,5
BRDA:23,0,1,0
BRDA:24,1,0,5
BRDA:24,1,1,5
BRDA:28,2,0,5
BRDA:28,2,1,0
BRDA:35,3,0,4
BRDA:35,3,1,4
BRDA:35,3,2,0
BRDA:36,4,0,4
BRDA:36,4,1,0
BRDA:40,5,0,0
BRDA:40,5,1,0
BRDA:40,5,2,0
BRDA:74,6,0,0
BRDA:74,6,1,0
BRDA:78,7,0,0
BRDA:78,7,1,0
BRDA:78,7,2,0
BRF:19
BRH:7
end_of_record
TN:
SF:src\components\admin\RolesTable.jsx
FN:3,(anonymous_0)
FN:8,(anonymous_1)
FN:29,(anonymous_2)
FN:37,(anonymous_3)
FNF:4
FNH:4
FNDA:12,(anonymous_0)
FNDA:32,(anonymous_1)
FNDA:16,(anonymous_2)
FNDA:1,(anonymous_3)
DA:3,2
DA:4,12
DA:5,3
DA:8,9
DA:9,32
DA:10,32
DA:12,0
DA:16,9
DA:30,16
DA:37,1
LF:10
LH:9
BRDA:4,0,0,3
BRDA:4,0,1,9
BRDA:4,1,0,12
BRDA:4,1,1,10
BRDA:30,2,0,16
BRDA:30,2,1,1
BRF:6
BRH:6
end_of_record
TN:
SF:src\components\admin\UserFormModalContent.jsx
FN:5,(anonymous_0)
FN:14,(anonymous_1)
FN:16,(anonymous_2)
FN:22,(anonymous_3)
FN:29,(anonymous_4)
FN:30,(anonymous_5)
FN:39,(anonymous_6)
FN:40,(anonymous_7)
FN:50,(anonymous_8)
FN:54,(anonymous_9)
FN:61,(anonymous_10)
FN:69,(anonymous_11)
FN:75,(anonymous_12)
FN:76,(anonymous_13)
FN:86,(anonymous_14)
FN:89,(anonymous_15)
FN:91,(anonymous_16)
FN:93,(anonymous_17)
FN:108,(anonymous_18)
FN:109,(anonymous_19)
FN:110,(anonymous_20)
FN:170,(anonymous_21)
FN:186,(anonymous_22)
FN:196,(anonymous_23)
FN:197,(anonymous_24)
FNF:25
FNH:19
FNDA:20,(anonymous_0)
FNDA:20,(anonymous_1)
FNDA:20,(anonymous_2)
FNDA:7,(anonymous_3)
FNDA:6,(anonymous_4)
FNDA:2,(anonymous_5)
FNDA:6,(anonymous_6)
FNDA:2,(anonymous_7)
FNDA:12,(anonymous_8)
FNDA:12,(anonymous_9)
FNDA:53,(anonymous_10)
FNDA:2,(anonymous_11)
FNDA:0,(anonymous_12)
FNDA:0,(anonymous_13)
FNDA:0,(anonymous_14)
FNDA:0,(anonymous_15)
FNDA:0,(anonymous_16)
FNDA:0,(anonymous_17)
FNDA:1,(anonymous_18)
FNDA:1,(anonymous_19)
FNDA:1,(anonymous_20)
FNDA:4,(anonymous_21)
FNDA:33,(anonymous_22)
FNDA:2,(anonymous_23)
FNDA:1,(anonymous_24)
DA:5,3
DA:6,20
DA:8,20
DA:9,20
DA:10,20
DA:11,20
DA:12,20
DA:14,20
DA:15,20
DA:17,20
DA:22,20
DA:23,7
DA:25,7
DA:26,7
DA:28,7
DA:29,6
DA:30,2
DA:31,2
DA:32,2
DA:33,2
DA:36,5
DA:37,3
DA:39,6
DA:40,2
DA:41,2
DA:42,2
DA:43,2
DA:50,20
DA:51,12
DA:54,20
DA:55,12
DA:56,12
DA:57,0
DA:58,0
DA:60,12
DA:61,12
DA:62,53
DA:64,12
DA:65,12
DA:69,20
DA:70,2
DA:72,2
DA:73,1
DA:75,0
DA:76,0
DA:77,0
DA:78,0
DA:79,0
DA:81,0
DA:84,1
DA:85,0
DA:86,0
DA:87,0
DA:89,0
DA:90,0
DA:91,0
DA:92,0
DA:93,0
DA:96,0
DA:97,0
DA:98,0
DA:100,0
DA:103,1
DA:104,1
DA:105,1
DA:108,20
DA:109,1
DA:110,1
DA:111,1
DA:112,1
DA:113,1
DA:117,20
DA:171,4
DA:187,33
DA:197,2
LF:75
LH:55
BRDA:5,0,0,18
BRDA:5,1,0,0
BRDA:11,2,0,20
BRDA:11,2,1,0
BRDA:12,3,0,20
BRDA:12,3,1,0
BRDA:17,4,0,20
BRDA:17,4,1,14
BRDA:23,5,0,7
BRDA:23,5,1,0
BRDA:28,6,0,2
BRDA:28,6,1,5
BRDA:32,7,0,2
BRDA:32,7,1,0
BRDA:36,8,0,3
BRDA:36,8,1,2
BRDA:42,9,0,2
BRDA:42,9,1,0
BRDA:72,10,0,1
BRDA:72,10,1,1
BRDA:73,11,0,1
BRDA:73,11,1,0
BRDA:78,12,0,0
BRDA:78,12,1,0
BRDA:84,13,0,0
BRDA:84,13,1,1
BRDA:85,14,0,0
BRDA:85,14,1,0
BRDA:87,15,0,0
BRDA:87,15,1,0
BRDA:90,16,0,0
BRDA:90,16,1,0
BRDA:92,17,0,0
BRDA:92,17,1,0
BRDA:97,18,0,0
BRDA:97,18,1,0
BRDA:105,19,0,1
BRDA:105,19,1,0
BRDA:112,20,0,0
BRDA:112,20,1,1
BRDA:122,21,0,20
BRDA:122,21,1,0
BRDA:130,22,0,20
BRDA:130,22,1,15
BRDA:133,23,0,20
BRDA:133,23,1,10
BRDA:142,24,0,20
BRDA:142,24,1,19
BRDA:145,25,0,20
BRDA:145,25,1,11
BRDA:155,26,0,20
BRDA:155,26,1,20
BRDA:158,27,0,20
BRDA:158,27,1,11
BRDA:162,28,0,20
BRDA:162,28,1,14
BRDA:166,29,0,14
BRDA:166,29,1,8
BRDA:176,30,0,14
BRDA:176,30,1,5
BRDA:184,31,0,20
BRDA:184,31,1,18
BRDA:192,32,0,20
BRDA:192,32,1,9
BRDA:195,33,0,2
BRDA:195,33,1,18
BRF:66
BRH:43
end_of_record
TN:
SF:src\components\admin\UsersTab.jsx
FN:10,(anonymous_0)
FN:19,(anonymous_1)
FN:21,(anonymous_2)
FN:27,(anonymous_3)
FN:60,(anonymous_4)
FN:63,(anonymous_5)
FN:67,(anonymous_6)
FN:73,(anonymous_7)
FN:84,(anonymous_8)
FN:87,(anonymous_9)
FN:91,(anonymous_10)
FN:97,(anonymous_11)
FN:99,(anonymous_12)
FN:108,(anonymous_13)
FN:115,(anonymous_14)
FN:117,(anonymous_15)
FNF:16
FNH:10
FNDA:22,(anonymous_0)
FNDA:12,(anonymous_1)
FNDA:9,(anonymous_2)
FNDA:9,(anonymous_3)
FNDA:2,(anonymous_4)
FNDA:0,(anonymous_5)
FNDA:0,(anonymous_6)
FNDA:1,(anonymous_7)
FNDA:2,(anonymous_8)
FNDA:0,(anonymous_9)
FNDA:0,(anonymous_10)
FNDA:1,(anonymous_11)
FNDA:0,(anonymous_12)
FNDA:1,(anonymous_13)
FNDA:1,(anonymous_14)
FNDA:0,(anonymous_15)
DA:10,2
DA:11,22
DA:12,20
DA:13,20
DA:14,20
DA:15,20
DA:16,20
DA:17,20
DA:19,20
DA:20,12
DA:21,12
DA:22,9
DA:27,9
DA:28,9
DA:29,8
DA:30,8
DA:35,8
DA:36,8
DA:37,8
DA:39,0
DA:42,1
DA:43,1
DA:47,1
DA:48,1
DA:49,1
DA:52,0
DA:56,9
DA:60,20
DA:61,2
DA:62,2
DA:64,0
DA:67,0
DA:74,1
DA:75,1
DA:81,2
DA:84,20
DA:85,2
DA:86,2
DA:88,0
DA:91,0
DA:98,1
DA:99,1
DA:105,2
DA:108,20
DA:109,1
DA:116,1
DA:117,1
DA:124,20
LF:48
LH:42
BRDA:22,0,0,9
BRDA:22,0,1,8
BRDA:28,1,0,8
BRDA:28,1,1,1
BRDA:99,2,0,0
BRDA:99,2,1,0
BRF:6
BRH:4
end_of_record
TN:
SF:src\components\admin\UsersTable.jsx
FN:1,(anonymous_0)
FN:8,(anonymous_1)
FN:15,(anonymous_2)
FN:39,(anonymous_3)
FN:46,(anonymous_4)
FN:49,(anonymous_5)
FNF:6
FNH:6
FNDA:7,(anonymous_0)
FNDA:6,(anonymous_1)
FNDA:6,(anonymous_2)
FNDA:6,(anonymous_3)
FNDA:1,(anonymous_4)
FNDA:1,(anonymous_5)
DA:1,2
DA:4,7
DA:5,4
DA:8,3
DA:9,6
DA:10,0
DA:13,6
DA:16,6
DA:25,3
DA:40,6
DA:46,1
DA:49,1
LF:12
LH:11
BRDA:4,0,0,4
BRDA:4,0,1,3
BRDA:4,1,0,7
BRDA:4,1,1,7
BRDA:9,2,0,0
BRDA:9,2,1,6
BRDA:9,3,0,6
BRDA:9,3,1,6
BRDA:40,4,0,6
BRDA:40,4,1,0
BRF:10
BRH:8
end_of_record
TN:
SF:src\components\admin\validationSchemas\roleSchema.jsx
FNF:0
FNH:0
DA:3,1
LF:1
LH:1
BRF:0
BRH:0
end_of_record
TN:
SF:src\components\admin\validationSchemas\userSchema.jsx
FNF:0
FNH:0
DA:3,3
LF:1
LH:1
BRF:0
BRH:0
end_of_record
TN:
SF:src\components\context\ModalContext.jsx
FN:4,(anonymous_0)
FN:5,(anonymous_1)
FNF:2
FNH:0
FNDA:0,(anonymous_0)
FNDA:0,(anonymous_1)
DA:3,5
LF:1
LH:1
BRF:0
BRH:0
end_of_record
TN:
SF:src\config\api.js
FNF:0
FNH:0
DA:1,5
LF:1
LH:1
BRF:0
BRH:0
end_of_record
TN:
SF:src\pages\Admin.jsx
FN:8,(anonymous_0)
FN:13,(anonymous_1)
FN:32,(anonymous_2)
FN:38,(anonymous_3)
FNF:4
FNH:1
FNDA:4,(anonymous_0)
FNDA:0,(anonymous_1)
FNDA:0,(anonymous_2)
FNDA:0,(anonymous_3)
DA:8,1
DA:9,4
DA:10,3
DA:11,3
DA:13,3
DA:14,0
DA:15,0
DA:18,3
DA:32,0
DA:38,0
LF:10
LH:6
BRDA:31,0,0,3
BRDA:31,0,1,0
BRDA:37,1,0,0
BRDA:37,1,1,3
BRDA:46,2,0,3
BRDA:46,2,1,3
BRDA:47,3,0,3
BRDA:47,3,1,0
BRF:8
BRH:5
end_of_record
TN:
SF:src\pages\Dashboard.jsx
FN:10,(anonymous_0)
FN:18,(anonymous_1)
FN:26,(anonymous_2)
FN:33,(anonymous_3)
FN:37,(anonymous_4)
FN:40,(anonymous_5)
FN:44,(anonymous_6)
FN:47,(anonymous_7)
FN:48,(anonymous_8)
FN:56,(anonymous_9)
FN:58,(anonymous_10)
FN:63,(anonymous_11)
FN:65,(anonymous_12)
FN:91,(anonymous_13)
FN:93,(anonymous_14)
FN:112,(anonymous_15)
FN:114,(anonymous_16)
FN:137,(anonymous_17)
FNF:18
FNH:18
FNDA:11,(anonymous_0)
FNDA:5,(anonymous_1)
FNDA:15,(anonymous_2)
FNDA:12,(anonymous_3)
FNDA:8,(anonymous_4)
FNDA:12,(anonymous_5)
FNDA:8,(anonymous_6)
FNDA:15,(anonymous_7)
FNDA:15,(anonymous_8)
FNDA:1,(anonymous_9)
FNDA:10,(anonymous_10)
FNDA:1,(anonymous_11)
FNDA:10,(anonymous_12)
FNDA:8,(anonymous_13)
FNDA:8,(anonymous_14)
FNDA:8,(anonymous_15)
FNDA:8,(anonymous_16)
FNDA:12,(anonymous_17)
DA:8,1
DA:10,1
DA:11,11
DA:12,11
DA:13,11
DA:15,11
DA:16,11
DA:18,11
DA:19,5
DA:20,0
DA:22,5
DA:26,11
DA:27,15
DA:28,15
DA:29,15
DA:33,11
DA:34,12
DA:35,12
DA:37,11
DA:40,11
DA:41,12
DA:42,12
DA:44,11
DA:47,15
DA:48,15
DA:50,11
DA:56,1
DA:59,10
DA:63,1
DA:66,10
DA:91,8
DA:94,8
DA:112,8
DA:115,8
DA:138,12
LF:35
LH:34
BRDA:19,0,0,0
BRDA:19,0,1,5
BRDA:27,1,0,3
BRDA:27,1,1,12
BRDA:28,2,0,3
BRDA:28,2,1,12
BRDA:29,3,0,15
BRDA:29,3,1,14
BRDA:34,4,0,12
BRDA:34,4,1,8
BRDA:41,5,0,12
BRDA:41,5,1,8
BRF:12
BRH:11
end_of_record
TN:
SF:src\pages\ForgotPassword.jsx
FN:19,(anonymous_0)
FN:29,(anonymous_1)
FNF:2
FNH:2
FNDA:3,(anonymous_0)
FNDA:1,(anonymous_1)
DA:12,1
DA:19,1
DA:20,3
DA:25,3
DA:29,3
DA:30,1
DA:31,1
DA:36,3
LF:8
LH:8
BRDA:49,0,0,3
BRDA:49,0,1,1
BRF:2
BRH:2
end_of_record
TN:
SF:src\pages\Login.jsx
FN:20,(anonymous_0)
FN:32,(anonymous_1)
FNF:2
FNH:2
FNDA:18,(anonymous_0)
FNDA:4,(anonymous_1)
DA:12,1
DA:20,1
DA:21,18
DA:22,18
DA:28,18
DA:32,18
DA:33,4
DA:34,4
DA:35,4
DA:39,3
DA:40,3
DA:46,1
DA:50,18
LF:13
LH:13
BRDA:46,0,0,1
BRDA:46,0,1,0
BRDA:72,1,0,18
BRDA:72,1,1,1
BRDA:80,2,0,4
BRDA:80,2,1,14
BRF:6
BRH:5
end_of_record
TN:
SF:src\pages\Register.jsx
FN:30,(anonymous_0)
FN:41,(anonymous_1)
FNF:2
FNH:2
FNDA:5,(anonymous_0)
FNDA:1,(anonymous_1)
DA:12,1
DA:30,1
DA:31,5
DA:32,5
DA:37,5
DA:41,5
DA:42,1
DA:43,1
DA:44,0
DA:45,0
DA:47,1
DA:51,5
LF:12
LH:10
BRDA:84,0,0,5
BRDA:84,0,1,1
BRF:2
BRH:2
end_of_record
TN:
SF:src\services\organizationService.js
FN:4,(anonymous_0)
FNF:1
FNH:1
FNDA:3,(anonymous_0)
DA:3,3
DA:5,3
DA:6,3
DA:7,3
DA:14,2
DA:16,1
DA:17,1
LF:7
LH:7
BRF:0
BRH:0
end_of_record
TN:
SF:src\services\roleService.js
FN:8,(anonymous_0)
FN:29,(anonymous_1)
FN:56,(anonymous_2)
FN:90,(anonymous_3)
FN:120,(anonymous_4)
FNF:5
FNH:5
FNDA:2,(anonymous_0)
FNDA:2,(anonymous_1)
FNDA:2,(anonymous_2)
FNDA:2,(anonymous_3)
FNDA:2,(anonymous_4)
DA:1,3
DA:3,3
DA:9,2
DA:10,2
DA:18,2
DA:19,1
DA:22,1
DA:24,1
DA:25,1
DA:30,2
DA:31,2
DA:32,2
DA:39,2
DA:40,1
DA:42,1
DA:43,1
DA:57,2
DA:58,2
DA:73,2
DA:74,1
DA:77,1
DA:79,1
DA:80,1
DA:91,2
DA:92,2
DA:104,2
DA:105,1
DA:108,1
DA:110,1
DA:111,1
DA:121,2
DA:122,2
DA:130,2
DA:131,1
DA:134,1
DA:136,1
DA:137,1
LF:37
LH:37
BRDA:18,0,0,1
BRDA:18,0,1,1
BRDA:39,1,0,1
BRDA:39,1,1,1
BRDA:73,2,0,1
BRDA:73,2,1,1
BRDA:104,3,0,1
BRDA:104,3,1,1
BRDA:130,4,0,1
BRDA:130,4,1,1
BRF:10
BRH:10
end_of_record
TN:
SF:src\services\userService.js
FN:5,(anonymous_0)
FN:24,(anonymous_1)
FN:42,(anonymous_2)
FN:60,(anonymous_3)
FN:90,(anonymous_4)
FN:110,(anonymous_5)
FNF:6
FNH:6
FNDA:3,(anonymous_0)
FNDA:3,(anonymous_1)
FNDA:3,(anonymous_2)
FNDA:4,(anonymous_3)
FNDA:3,(anonymous_4)
FNDA:3,(anonymous_5)
DA:3,3
DA:6,3
DA:7,3
DA:8,3
DA:15,2
DA:16,1
DA:18,2
DA:19,2
DA:25,3
DA:26,3
DA:27,3
DA:34,2
DA:35,1
DA:37,2
DA:38,2
DA:43,3
DA:44,3
DA:45,3
DA:52,2
DA:53,1
DA:55,2
DA:56,2
DA:61,4
DA:62,4
DA:63,4
DA:64,4
DA:65,4
DA:66,4
DA:67,4
DA:74,4
DA:83,3
DA:85,1
DA:86,1
DA:91,3
DA:92,3
DA:93,3
DA:102,2
DA:103,1
DA:105,2
DA:106,2
DA:111,3
DA:112,3
DA:113,3
DA:121,2
DA:122,1
DA:124,2
DA:125,2
LF:47
LH:47
BRDA:15,0,0,1
BRDA:15,0,1,1
BRDA:34,1,0,1
BRDA:34,1,1,1
BRDA:52,2,0,1
BRDA:52,2,1,1
BRDA:63,3,0,4
BRDA:63,3,1,1
BRDA:64,4,0,4
BRDA:64,4,1,4
BRDA:64,4,2,1
BRDA:65,5,0,4
BRDA:65,5,1,4
BRDA:66,6,0,4
BRDA:66,6,1,4
BRDA:66,7,0,4
BRDA:66,7,1,2
BRDA:66,8,0,4
BRDA:66,8,1,3
BRDA:102,9,0,1
BRDA:102,9,1,1
BRDA:121,10,0,1
BRDA:121,10,1,1
BRF:23
BRH:23
end_of_record
